2016-10-26 18:09:13.308+0000 INFO  [o.n.k.i.f.CommunityFacadeFactory] No locking implementation specified, defaulting to 'community'
2016-10-26 18:09:13.360+0000 INFO  [o.n.k.AvailabilityGuard] Requirement makes database unavailable: Database available
2016-10-26 18:09:13.375+0000 INFO  [o.n.k.i.DiagnosticsManager] --- INITIALIZED diagnostics START ---
2016-10-26 18:09:13.375+0000 INFO  [o.n.k.i.DiagnosticsManager] Neo4j Kernel properties:
2016-10-26 18:09:13.376+0000 INFO  [o.n.k.i.DiagnosticsManager] dbms.connector.http.enabled=true
2016-10-26 18:09:13.376+0000 INFO  [o.n.k.i.DiagnosticsManager] dbms.security.auth_enabled=true
2016-10-26 18:09:13.376+0000 INFO  [o.n.k.i.DiagnosticsManager] dbms.connector.bolt.type=BOLT
2016-10-26 18:09:13.376+0000 INFO  [o.n.k.i.DiagnosticsManager] unsupported.dbms.directories.neo4j_home=/home/diego/dev/db/neo4j-pure/neo4j-community-3.0.6
2016-10-26 18:09:13.376+0000 INFO  [o.n.k.i.DiagnosticsManager] dbms.directories.import=import
2016-10-26 18:09:13.376+0000 INFO  [o.n.k.i.DiagnosticsManager] dbms.connector.bolt.tls_level=OPTIONAL
2016-10-26 18:09:13.376+0000 INFO  [o.n.k.i.DiagnosticsManager] dbms.shell.enabled=true
2016-10-26 18:09:13.376+0000 INFO  [o.n.k.i.DiagnosticsManager] dbms.connector.https.address=localhost:7473
2016-10-26 18:09:13.376+0000 INFO  [o.n.k.i.DiagnosticsManager] dbms.connector.https.enabled=true
2016-10-26 18:09:13.377+0000 INFO  [o.n.k.i.DiagnosticsManager] dbms.connector.http.type=HTTP
2016-10-26 18:09:13.377+0000 INFO  [o.n.k.i.DiagnosticsManager] dbms.connector.https.encryption=TLS
2016-10-26 18:09:13.377+0000 INFO  [o.n.k.i.DiagnosticsManager] dbms.connector.https.type=HTTP
2016-10-26 18:09:13.377+0000 INFO  [o.n.k.i.DiagnosticsManager] unsupported.dbms.security.auth_store.location=data/dbms/auth
2016-10-26 18:09:13.377+0000 INFO  [o.n.k.i.DiagnosticsManager] unsupported.dbms.edition=community
2016-10-26 18:09:13.377+0000 INFO  [o.n.k.i.DiagnosticsManager] dbms.connector.bolt.enabled=true
2016-10-26 18:09:13.377+0000 INFO  [o.n.k.i.DiagnosticsManager] Diagnostics providers:
2016-10-26 18:09:13.377+0000 INFO  [o.n.k.i.DiagnosticsManager] org.neo4j.kernel.configuration.Config
2016-10-26 18:09:13.377+0000 INFO  [o.n.k.i.DiagnosticsManager] org.neo4j.kernel.info.DiagnosticsManager
2016-10-26 18:09:13.377+0000 INFO  [o.n.k.i.DiagnosticsManager] SYSTEM_MEMORY
2016-10-26 18:09:13.377+0000 INFO  [o.n.k.i.DiagnosticsManager] JAVA_MEMORY
2016-10-26 18:09:13.377+0000 INFO  [o.n.k.i.DiagnosticsManager] OPERATING_SYSTEM
2016-10-26 18:09:13.377+0000 INFO  [o.n.k.i.DiagnosticsManager] JAVA_VIRTUAL_MACHINE
2016-10-26 18:09:13.377+0000 INFO  [o.n.k.i.DiagnosticsManager] CLASSPATH
2016-10-26 18:09:13.378+0000 INFO  [o.n.k.i.DiagnosticsManager] LIBRARY_PATH
2016-10-26 18:09:13.378+0000 INFO  [o.n.k.i.DiagnosticsManager] SYSTEM_PROPERTIES
2016-10-26 18:09:13.378+0000 INFO  [o.n.k.i.DiagnosticsManager] LINUX_SCHEDULERS
2016-10-26 18:09:13.378+0000 INFO  [o.n.k.i.DiagnosticsManager] NETWORK
2016-10-26 18:09:13.378+0000 INFO  [o.n.k.i.DiagnosticsManager] System memory information:
2016-10-26 18:09:13.379+0000 INFO  [o.n.k.i.DiagnosticsManager] Total Physical memory: 7,68 GB
2016-10-26 18:09:13.380+0000 INFO  [o.n.k.i.DiagnosticsManager] Free Physical memory: 330,22 MB
2016-10-26 18:09:13.380+0000 INFO  [o.n.k.i.DiagnosticsManager] Committed virtual memory: 5,40 GB
2016-10-26 18:09:13.380+0000 INFO  [o.n.k.i.DiagnosticsManager] Total swap space: 7,88 GB
2016-10-26 18:09:13.380+0000 INFO  [o.n.k.i.DiagnosticsManager] Free swap space: 6,62 GB
2016-10-26 18:09:13.380+0000 INFO  [o.n.k.i.DiagnosticsManager] JVM memory information:
2016-10-26 18:09:13.380+0000 INFO  [o.n.k.i.DiagnosticsManager] Free  memory: 69,84 MB
2016-10-26 18:09:13.380+0000 INFO  [o.n.k.i.DiagnosticsManager] Total memory: 124,00 MB
2016-10-26 18:09:13.380+0000 INFO  [o.n.k.i.DiagnosticsManager] Max   memory: 1,92 GB
2016-10-26 18:09:13.381+0000 INFO  [o.n.k.i.DiagnosticsManager] Garbage Collector: G1 Young Generation: [G1 Eden Space, G1 Survivor Space]
2016-10-26 18:09:13.381+0000 INFO  [o.n.k.i.DiagnosticsManager] Garbage Collector: G1 Old Generation: [G1 Eden Space, G1 Survivor Space, G1 Old Gen]
2016-10-26 18:09:13.382+0000 INFO  [o.n.k.i.DiagnosticsManager] Memory Pool: Code Cache (Non-heap memory): committed=4,88 MB, used=4,84 MB, max=240,00 MB, threshold=0,00 B
2016-10-26 18:09:13.382+0000 INFO  [o.n.k.i.DiagnosticsManager] Memory Pool: Metaspace (Non-heap memory): committed=12,50 MB, used=11,81 MB, max=-1,00 B, threshold=0,00 B
2016-10-26 18:09:13.383+0000 INFO  [o.n.k.i.DiagnosticsManager] Memory Pool: Compressed Class Space (Non-heap memory): committed=1,75 MB, used=1,56 MB, max=1,00 GB, threshold=0,00 B
2016-10-26 18:09:13.383+0000 INFO  [o.n.k.i.DiagnosticsManager] Memory Pool: G1 Eden Space (Heap memory): committed=73,00 MB, used=43,00 MB, max=-1,00 B, threshold=?
2016-10-26 18:09:13.383+0000 INFO  [o.n.k.i.DiagnosticsManager] Memory Pool: G1 Survivor Space (Heap memory): committed=5,00 MB, used=5,00 MB, max=-1,00 B, threshold=?
2016-10-26 18:09:13.383+0000 INFO  [o.n.k.i.DiagnosticsManager] Memory Pool: G1 Old Gen (Heap memory): committed=46,00 MB, used=4,66 MB, max=1,92 GB, threshold=0,00 B
2016-10-26 18:09:13.383+0000 INFO  [o.n.k.i.DiagnosticsManager] Operating system information:
2016-10-26 18:09:13.384+0000 INFO  [o.n.k.i.DiagnosticsManager] Operating System: Linux; version: 4.2.0-42-generic; arch: amd64; cpus: 8
2016-10-26 18:09:13.384+0000 INFO  [o.n.k.i.DiagnosticsManager] Max number of file descriptors: 65536
2016-10-26 18:09:13.384+0000 INFO  [o.n.k.i.DiagnosticsManager] Number of open file descriptors: 90
2016-10-26 18:09:13.386+0000 INFO  [o.n.k.i.DiagnosticsManager] Process id: 26588@diego-pc
2016-10-26 18:09:13.386+0000 INFO  [o.n.k.i.DiagnosticsManager] Byte order: LITTLE_ENDIAN
2016-10-26 18:09:13.386+0000 INFO  [o.n.k.i.DiagnosticsManager] Local timezone: America/Sao_Paulo
2016-10-26 18:09:13.386+0000 INFO  [o.n.k.i.DiagnosticsManager] JVM information:
2016-10-26 18:09:13.386+0000 INFO  [o.n.k.i.DiagnosticsManager] VM Name: Java HotSpot(TM) 64-Bit Server VM
2016-10-26 18:09:13.386+0000 INFO  [o.n.k.i.DiagnosticsManager] VM Vendor: Oracle Corporation
2016-10-26 18:09:13.386+0000 INFO  [o.n.k.i.DiagnosticsManager] VM Version: 25.40-b24
2016-10-26 18:09:13.387+0000 INFO  [o.n.k.i.DiagnosticsManager] JIT compiler: HotSpot 64-Bit Tiered Compilers
2016-10-26 18:09:13.387+0000 INFO  [o.n.k.i.DiagnosticsManager] VM Arguments: [-XX:+UseG1GC, -XX:-OmitStackTraceInFastThrow, -XX:hashCode=5, -XX:+AlwaysPreTouch, -XX:+UnlockExperimentalVMOptions, -XX:+TrustFinalNonStaticFields, -XX:+DisableExplicitGC, -Djdk.tls.ephemeralDHKeySize=2048, -Dunsupported.dbms.udc.source=tarball, -Dfile.encoding=UTF-8]
2016-10-26 18:09:13.387+0000 INFO  [o.n.k.i.DiagnosticsManager] Java classpath:
2016-10-26 18:09:13.389+0000 INFO  [o.n.k.i.DiagnosticsManager]  [classpath + loader.0] file:/home/diego/dev/db/neo4j-pure/neo4j-community-3.0.6/lib/parboiled-core-1.1.7.jar
2016-10-26 18:09:13.389+0000 INFO  [o.n.k.i.DiagnosticsManager]  [classpath + loader.0] file:/home/diego/dev/db/neo4j-pure/neo4j-community-3.0.6/lib/javax.servlet-api-3.1.0.jar
2016-10-26 18:09:13.389+0000 INFO  [o.n.k.i.DiagnosticsManager]  [classpath + loader.0] file:/home/diego/dev/db/neo4j-pure/neo4j-community-3.0.6/lib/scala-library-2.11.8.jar
2016-10-26 18:09:13.389+0000 INFO  [o.n.k.i.DiagnosticsManager]  [classpath + loader.0] file:/home/diego/dev/db/neo4j-pure/neo4j-community-3.0.6/lib/jersey-core-1.19.jar
2016-10-26 18:09:13.389+0000 INFO  [o.n.k.i.DiagnosticsManager]  [classpath + loader.0] file:/home/diego/dev/db/neo4j-pure/neo4j-community-3.0.6/lib/parboiled-scala_2.11-1.1.7.jar
2016-10-26 18:09:13.389+0000 INFO  [o.n.k.i.DiagnosticsManager]  [classpath + loader.0] file:/home/diego/dev/db/neo4j-pure/neo4j-community-3.0.6/lib/jetty-servlet-9.2.9.v20150224.jar
2016-10-26 18:09:13.389+0000 INFO  [o.n.k.i.DiagnosticsManager]  [bootstrap] /home/diego/dev/api/jdk/jdk1.8.0_40/jre/lib/sunrsasign.jar
2016-10-26 18:09:13.389+0000 INFO  [o.n.k.i.DiagnosticsManager]  [classpath + loader.0] file:/home/diego/dev/db/neo4j-pure/neo4j-community-3.0.6/lib/jetty-io-9.2.9.v20150224.jar
2016-10-26 18:09:13.389+0000 INFO  [o.n.k.i.DiagnosticsManager]  [classpath + loader.0] file:/home/diego/dev/db/neo4j-pure/neo4j-community-3.0.6/lib/neo4j-cypher-compiler-2.3-2.3.7.jar
2016-10-26 18:09:13.389+0000 INFO  [o.n.k.i.DiagnosticsManager]  [classpath + loader.0] file:/home/diego/dev/db/neo4j-pure/neo4j-community-3.0.6/lib/rhino-1.7R4.jar
2016-10-26 18:09:13.389+0000 INFO  [o.n.k.i.DiagnosticsManager]  [loader.1] file:/home/diego/dev/api/jdk/jdk1.8.0_40/jre/lib/ext/nashorn.jar
2016-10-26 18:09:13.389+0000 INFO  [o.n.k.i.DiagnosticsManager]  [classpath + loader.0] file:/home/diego/dev/db/neo4j-pure/neo4j-community-3.0.6/lib/jackson-mapper-asl-1.9.13.jar
2016-10-26 18:09:13.389+0000 INFO  [o.n.k.i.DiagnosticsManager]  [classpath + loader.0] file:/home/diego/dev/db/neo4j-pure/neo4j-community-3.0.6/lib/commons-logging-1.1.1.jar
2016-10-26 18:09:13.389+0000 INFO  [o.n.k.i.DiagnosticsManager]  [classpath + loader.0] file:/home/diego/dev/db/neo4j-pure/neo4j-community-3.0.6/lib/commons-io-2.4.jar
2016-10-26 18:09:13.389+0000 INFO  [o.n.k.i.DiagnosticsManager]  [classpath + loader.0] file:/home/diego/dev/db/neo4j-pure/neo4j-community-3.0.6/lib/neo4j-udc-3.0.6.jar
2016-10-26 18:09:13.389+0000 INFO  [o.n.k.i.DiagnosticsManager]  [loader.1] file:/home/diego/dev/api/jdk/jdk1.8.0_40/jre/lib/ext/sunpkcs11.jar
2016-10-26 18:09:13.389+0000 INFO  [o.n.k.i.DiagnosticsManager]  [classpath + loader.0] file:/home/diego/dev/db/neo4j-pure/neo4j-community-3.0.6/lib/concurrentlinkedhashmap-lru-1.4.2.jar
2016-10-26 18:09:13.389+0000 INFO  [o.n.k.i.DiagnosticsManager]  [classpath + loader.0] file:/home/diego/dev/db/neo4j-pure/neo4j-community-3.0.6/plugins/
2016-10-26 18:09:13.389+0000 INFO  [o.n.k.i.DiagnosticsManager]  [classpath + loader.0] file:/home/diego/dev/db/neo4j-pure/neo4j-community-3.0.6/lib/lucene-queryparser-5.5.0.jar
2016-10-26 18:09:13.389+0000 INFO  [o.n.k.i.DiagnosticsManager]  [classpath + loader.0] file:/home/diego/dev/db/neo4j-pure/neo4j-community-3.0.6/lib/neo4j-consistency-check-3.0.6.jar
2016-10-26 18:09:13.389+0000 INFO  [o.n.k.i.DiagnosticsManager]  [classpath + loader.0] file:/home/diego/dev/db/neo4j-pure/neo4j-community-3.0.6/lib/jetty-http-9.2.9.v20150224.jar
2016-10-26 18:09:13.390+0000 INFO  [o.n.k.i.DiagnosticsManager]  [bootstrap] /home/diego/dev/api/jdk/jdk1.8.0_40/jre/classes
2016-10-26 18:09:13.390+0000 INFO  [o.n.k.i.DiagnosticsManager]  [loader.1] file:/home/diego/dev/api/jdk/jdk1.8.0_40/jre/lib/ext/jfxrt.jar
2016-10-26 18:09:13.390+0000 INFO  [o.n.k.i.DiagnosticsManager]  [bootstrap] /home/diego/dev/api/jdk/jdk1.8.0_40/jre/lib/resources.jar
2016-10-26 18:09:13.390+0000 INFO  [o.n.k.i.DiagnosticsManager]  [classpath + loader.0] file:/home/diego/dev/db/neo4j-pure/neo4j-community-3.0.6/lib/asm-5.0.2.jar
2016-10-26 18:09:13.390+0000 INFO  [o.n.k.i.DiagnosticsManager]  [classpath + loader.0] file:/home/diego/dev/db/neo4j-pure/neo4j-community-3.0.6/lib/neo4j-cypher-3.0.6.jar
2016-10-26 18:09:13.390+0000 INFO  [o.n.k.i.DiagnosticsManager]  [loader.1] file:/home/diego/dev/api/jdk/jdk1.8.0_40/jre/lib/ext/dnsns.jar
2016-10-26 18:09:13.390+0000 INFO  [o.n.k.i.DiagnosticsManager]  [classpath + loader.0] file:/home/diego/dev/db/neo4j-pure/neo4j-community-3.0.6/lib/neo4j-unsafe-3.0.6.jar
2016-10-26 18:09:13.390+0000 INFO  [o.n.k.i.DiagnosticsManager]  [classpath + loader.0] file:/home/diego/dev/db/neo4j-pure/neo4j-community-3.0.6/lib/scala-reflect-2.11.8.jar
2016-10-26 18:09:13.390+0000 INFO  [o.n.k.i.DiagnosticsManager]  [classpath + loader.0] file:/home/diego/dev/db/neo4j-pure/neo4j-community-3.0.6/lib/commons-beanutils-1.8.3.jar
2016-10-26 18:09:13.390+0000 INFO  [o.n.k.i.DiagnosticsManager]  [classpath + loader.0] file:/home/diego/dev/db/neo4j-pure/neo4j-community-3.0.6/lib/jackson-core-asl-1.9.13.jar
2016-10-26 18:09:13.390+0000 INFO  [o.n.k.i.DiagnosticsManager]  [classpath + loader.0] file:/home/diego/dev/db/neo4j-pure/neo4j-community-3.0.6/lib/jersey-server-1.19.jar
2016-10-26 18:09:13.390+0000 INFO  [o.n.k.i.DiagnosticsManager]  [loader.1] file:/home/diego/dev/api/jdk/jdk1.8.0_40/jre/lib/ext/sunjce_provider.jar
2016-10-26 18:09:13.390+0000 INFO  [o.n.k.i.DiagnosticsManager]  [classpath + loader.0] file:/home/diego/dev/db/neo4j-pure/neo4j-community-3.0.6/lib/jetty-server-9.2.9.v20150224.jar
2016-10-26 18:09:13.390+0000 INFO  [o.n.k.i.DiagnosticsManager]  [classpath + loader.0] file:/home/diego/dev/db/neo4j-pure/neo4j-community-3.0.6/lib/neo4j-resource-3.0.6.jar
2016-10-26 18:09:13.390+0000 INFO  [o.n.k.i.DiagnosticsManager]  [classpath + loader.0] file:/home/diego/dev/db/neo4j-pure/neo4j-community-3.0.6/lib/neo4j-bolt-3.0.6.jar
2016-10-26 18:09:13.390+0000 INFO  [o.n.k.i.DiagnosticsManager]  [classpath + loader.0] file:/home/diego/dev/db/neo4j-pure/neo4j-community-3.0.6/lib/netty-all-4.0.28.Final.jar
2016-10-26 18:09:13.390+0000 INFO  [o.n.k.i.DiagnosticsManager]  [classpath + loader.0] file:/home/diego/dev/db/neo4j-pure/neo4j-community-3.0.6/lib/neo4j-lucene-upgrade-3.0.6.jar
2016-10-26 18:09:13.390+0000 INFO  [o.n.k.i.DiagnosticsManager]  [classpath + loader.0] file:/home/diego/dev/db/neo4j-pure/neo4j-community-3.0.6/lib/neo4j-collections-3.0.6.jar
2016-10-26 18:09:13.390+0000 INFO  [o.n.k.i.DiagnosticsManager]  [classpath + loader.0] file:/home/diego/dev/db/neo4j-pure/neo4j-community-3.0.6/lib/lucene-analyzers-common-5.5.0.jar
2016-10-26 18:09:13.390+0000 INFO  [o.n.k.i.DiagnosticsManager]  [classpath + loader.0] file:/home/diego/dev/db/neo4j-pure/neo4j-community-3.0.6/lib/neo4j-command-line-3.0.6.jar
2016-10-26 18:09:13.390+0000 INFO  [o.n.k.i.DiagnosticsManager]  [loader.1] file:/home/diego/dev/api/jdk/jdk1.8.0_40/jre/lib/ext/sunec.jar
2016-10-26 18:09:13.390+0000 INFO  [o.n.k.i.DiagnosticsManager]  [bootstrap] /home/diego/dev/api/jdk/jdk1.8.0_40/jre/lib/charsets.jar
2016-10-26 18:09:13.390+0000 INFO  [o.n.k.i.DiagnosticsManager]  [classpath + loader.0] file:/home/diego/dev/db/neo4j-pure/neo4j-community-3.0.6/lib/commons-digester-2.1.jar
2016-10-26 18:09:13.390+0000 INFO  [o.n.k.i.DiagnosticsManager]  [classpath + loader.0] file:/home/diego/dev/db/neo4j-pure/neo4j-community-3.0.6/lib/neo4j-csv-3.0.6.jar
2016-10-26 18:09:13.390+0000 INFO  [o.n.k.i.DiagnosticsManager]  [classpath + loader.0] file:/home/diego/dev/db/neo4j-pure/neo4j-community-3.0.6/lib/jsr311-api-1.1.2.r612.jar
2016-10-26 18:09:13.390+0000 INFO  [o.n.k.i.DiagnosticsManager]  [bootstrap] /home/diego/dev/api/jdk/jdk1.8.0_40/jre/lib/jce.jar
2016-10-26 18:09:13.390+0000 INFO  [o.n.k.i.DiagnosticsManager]  [classpath + loader.0] file:/home/diego/dev/db/neo4j-pure/neo4j-community-3.0.6/lib/neo4j-import-tool-3.0.6.jar
2016-10-26 18:09:13.390+0000 INFO  [o.n.k.i.DiagnosticsManager]  [classpath + loader.0] file:/home/diego/dev/db/neo4j-pure/neo4j-community-3.0.6/lib/neo4j-graph-algo-3.0.6.jar
2016-10-26 18:09:13.390+0000 INFO  [o.n.k.i.DiagnosticsManager]  [classpath + loader.0] file:/home/diego/dev/db/neo4j-pure/neo4j-community-3.0.6/lib/jersey-servlet-1.19.jar
2016-10-26 18:09:13.391+0000 INFO  [o.n.k.i.DiagnosticsManager]  [classpath + loader.0] file:/home/diego/dev/db/neo4j-pure/neo4j-community-3.0.6/lib/lucene-core-5.5.0.jar
2016-10-26 18:09:13.391+0000 INFO  [o.n.k.i.DiagnosticsManager]  [loader.1] file:/home/diego/dev/api/jdk/jdk1.8.0_40/jre/lib/ext/zipfs.jar
2016-10-26 18:09:13.391+0000 INFO  [o.n.k.i.DiagnosticsManager]  [classpath + loader.0] file:/home/diego/dev/db/neo4j-pure/neo4j-community-3.0.6/lib/neo4j-graph-matching-3.0.6.jar
2016-10-26 18:09:13.391+0000 INFO  [o.n.k.i.DiagnosticsManager]  [classpath + loader.0] file:/home/diego/dev/db/neo4j-pure/neo4j-community-3.0.6/lib/neo4j-cypher-compiler-3.0-3.0.6.jar
2016-10-26 18:09:13.391+0000 INFO  [o.n.k.i.DiagnosticsManager]  [classpath + loader.0] file:/home/diego/dev/db/neo4j-pure/neo4j-community-3.0.6/lib/opencsv-2.3.jar
2016-10-26 18:09:13.391+0000 INFO  [o.n.k.i.DiagnosticsManager]  [classpath + loader.0] file:/home/diego/dev/db/neo4j-pure/neo4j-community-3.0.6/lib/lucene-codecs-5.5.0.jar
2016-10-26 18:09:13.391+0000 INFO  [o.n.k.i.DiagnosticsManager]  [classpath + loader.0] file:/home/diego/dev/db/neo4j-pure/neo4j-community-3.0.6/lib/neo4j-io-3.0.6.jar
2016-10-26 18:09:13.391+0000 INFO  [o.n.k.i.DiagnosticsManager]  [classpath + loader.0] file:/home/diego/dev/db/neo4j-pure/neo4j-community-3.0.6/lib/jetty-xml-9.2.9.v20150224.jar
2016-10-26 18:09:13.391+0000 INFO  [o.n.k.i.DiagnosticsManager]  [classpath + loader.0] file:/home/diego/dev/db/neo4j-pure/neo4j-community-3.0.6/lib/neo4j-browser-1.1.8.jar
2016-10-26 18:09:13.391+0000 INFO  [o.n.k.i.DiagnosticsManager]  [classpath + loader.0] file:/home/diego/dev/db/neo4j-pure/neo4j-community-3.0.6/lib/mimepull-1.9.3.jar
2016-10-26 18:09:13.391+0000 INFO  [o.n.k.i.DiagnosticsManager]  [classpath + loader.0] file:/home/diego/dev/db/neo4j-pure/neo4j-community-3.0.6/lib/neo4j-security-3.0.6.jar
2016-10-26 18:09:13.391+0000 INFO  [o.n.k.i.DiagnosticsManager]  [classpath + loader.0] file:/home/diego/dev/db/neo4j-pure/neo4j-community-3.0.6/lib/neo4j-primitive-collections-3.0.6.jar
2016-10-26 18:09:13.391+0000 INFO  [o.n.k.i.DiagnosticsManager]  [classpath + loader.0] file:/home/diego/dev/db/neo4j-pure/neo4j-community-3.0.6/lib/commons-lang-2.6.jar
2016-10-26 18:09:13.391+0000 INFO  [o.n.k.i.DiagnosticsManager]  [loader.1] file:/home/diego/dev/api/jdk/jdk1.8.0_40/jre/lib/ext/localedata.jar
2016-10-26 18:09:13.391+0000 INFO  [o.n.k.i.DiagnosticsManager]  [classpath + loader.0] file:/home/diego/dev/db/neo4j-pure/neo4j-community-3.0.6/lib/neo4j-lucene-index-3.0.6.jar
2016-10-26 18:09:13.391+0000 INFO  [o.n.k.i.DiagnosticsManager]  [classpath + loader.0] file:/home/diego/dev/db/neo4j-pure/neo4j-community-3.0.6/lib/neo4j-jmx-3.0.6.jar
2016-10-26 18:09:13.391+0000 INFO  [o.n.k.i.DiagnosticsManager]  [classpath + loader.0] file:/home/diego/dev/db/neo4j-pure/neo4j-community-3.0.6/lib/neo4j-graphdb-api-3.0.6.jar
2016-10-26 18:09:13.391+0000 INFO  [o.n.k.i.DiagnosticsManager]  [classpath + loader.0] file:/home/diego/dev/db/neo4j-pure/neo4j-community-3.0.6/plugins/*
2016-10-26 18:09:13.391+0000 INFO  [o.n.k.i.DiagnosticsManager]  [classpath + loader.0] file:/home/diego/dev/db/neo4j-pure/neo4j-community-3.0.6/lib/bcpkix-jdk15on-1.53.jar
2016-10-26 18:09:13.391+0000 INFO  [o.n.k.i.DiagnosticsManager]  [classpath + loader.0] file:/home/diego/dev/db/neo4j-pure/neo4j-community-3.0.6/lib/jackson-jaxrs-1.9.13.jar
2016-10-26 18:09:13.391+0000 INFO  [o.n.k.i.DiagnosticsManager]  [classpath + loader.0] file:/home/diego/dev/db/neo4j-pure/neo4j-community-3.0.6/lib/jetty-security-9.2.9.v20150224.jar
2016-10-26 18:09:13.391+0000 INFO  [o.n.k.i.DiagnosticsManager]  [bootstrap] /home/diego/dev/api/jdk/jdk1.8.0_40/jre/lib/rt.jar
2016-10-26 18:09:13.391+0000 INFO  [o.n.k.i.DiagnosticsManager]  [classpath + loader.0] file:/home/diego/dev/db/neo4j-pure/neo4j-community-3.0.6/lib/neo4j-cypher-frontend-2.3-2.3.7.jar
2016-10-26 18:09:13.391+0000 INFO  [o.n.k.i.DiagnosticsManager]  [bootstrap] /home/diego/dev/api/jdk/jdk1.8.0_40/jre/lib/jsse.jar
2016-10-26 18:09:13.391+0000 INFO  [o.n.k.i.DiagnosticsManager]  [classpath + loader.0] file:/home/diego/dev/db/neo4j-pure/neo4j-community-3.0.6/lib/commons-lang3-3.3.2.jar
2016-10-26 18:09:13.391+0000 INFO  [o.n.k.i.DiagnosticsManager]  [classpath + loader.0] file:/home/diego/dev/db/neo4j-pure/neo4j-community-3.0.6/lib/commons-configuration-1.10.jar
2016-10-26 18:09:13.391+0000 INFO  [o.n.k.i.DiagnosticsManager]  [classpath + loader.0] file:/home/diego/dev/db/neo4j-pure/neo4j-community-3.0.6/lib/neo4j-kernel-3.0.6.jar
2016-10-26 18:09:13.391+0000 INFO  [o.n.k.i.DiagnosticsManager]  [classpath + loader.0] file:/home/diego/dev/db/neo4j-pure/neo4j-community-3.0.6/lib/neo4j-shell-3.0.6.jar
2016-10-26 18:09:13.392+0000 INFO  [o.n.k.i.DiagnosticsManager]  [bootstrap] /home/diego/dev/api/jdk/jdk1.8.0_40/jre/lib/jfr.jar
2016-10-26 18:09:13.392+0000 INFO  [o.n.k.i.DiagnosticsManager]  [classpath + loader.0] file:/home/diego/dev/db/neo4j-pure/neo4j-community-3.0.6/lib/neo4j-server-3.0.6.jar
2016-10-26 18:09:13.392+0000 INFO  [o.n.k.i.DiagnosticsManager]  [classpath + loader.0] file:/home/diego/dev/db/neo4j-pure/neo4j-community-3.0.6/lib/neo4j-common-3.0.6.jar
2016-10-26 18:09:13.392+0000 INFO  [o.n.k.i.DiagnosticsManager]  [classpath + loader.0] file:/home/diego/dev/db/neo4j-pure/neo4j-community-3.0.6/lib/neo4j-codegen-3.0.6.jar
2016-10-26 18:09:13.392+0000 INFO  [o.n.k.i.DiagnosticsManager]  [classpath + loader.0] file:/home/diego/dev/db/neo4j-pure/neo4j-community-3.0.6/lib/jline-2.12.jar
2016-10-26 18:09:13.392+0000 INFO  [o.n.k.i.DiagnosticsManager]  [classpath + loader.0] file:/home/diego/dev/db/neo4j-pure/neo4j-community-3.0.6/lib/bcprov-jdk15on-1.53.jar
2016-10-26 18:09:13.392+0000 INFO  [o.n.k.i.DiagnosticsManager]  [classpath + loader.0] file:/home/diego/dev/db/neo4j-pure/neo4j-community-3.0.6/lib/jetty-webapp-9.2.9.v20150224.jar
2016-10-26 18:09:13.392+0000 INFO  [o.n.k.i.DiagnosticsManager]  [loader.1] file:/home/diego/dev/api/jdk/jdk1.8.0_40/jre/lib/ext/cldrdata.jar
2016-10-26 18:09:13.392+0000 INFO  [o.n.k.i.DiagnosticsManager]  [classpath + loader.0] file:/home/diego/dev/db/neo4j-pure/neo4j-community-3.0.6/lib/jersey-multipart-1.19.jar
2016-10-26 18:09:13.392+0000 INFO  [o.n.k.i.DiagnosticsManager]  [classpath + loader.0] file:/home/diego/dev/db/neo4j-pure/neo4j-community-3.0.6/lib/neo4j-logging-3.0.6.jar
2016-10-26 18:09:13.392+0000 INFO  [o.n.k.i.DiagnosticsManager]  [classpath + loader.0] file:/home/diego/dev/db/neo4j-pure/neo4j-community-3.0.6/lib/neo4j-dbms-3.0.6.jar
2016-10-26 18:09:13.392+0000 INFO  [o.n.k.i.DiagnosticsManager]  [classpath + loader.0] file:/home/diego/dev/db/neo4j-pure/neo4j-community-3.0.6/lib/neo4j-cypher-frontend-3.0-3.0.6.jar
2016-10-26 18:09:13.392+0000 INFO  [o.n.k.i.DiagnosticsManager]  [classpath + loader.0] file:/home/diego/dev/db/neo4j-pure/neo4j-community-3.0.6/lib/jetty-util-9.2.9.v20150224.jar
2016-10-26 18:09:13.392+0000 INFO  [o.n.k.i.DiagnosticsManager]  [classpath + loader.0] file:/home/diego/dev/db/neo4j-pure/neo4j-community-3.0.6/lib/server-api-3.0.6.jar
2016-10-26 18:09:13.392+0000 INFO  [o.n.k.i.DiagnosticsManager]  [classpath + loader.0] file:/home/diego/dev/db/neo4j-pure/neo4j-community-3.0.6/conf/
2016-10-26 18:09:13.392+0000 INFO  [o.n.k.i.DiagnosticsManager] Library path:
2016-10-26 18:09:13.392+0000 INFO  [o.n.k.i.DiagnosticsManager] /usr/java/packages/lib/amd64
2016-10-26 18:09:13.392+0000 INFO  [o.n.k.i.DiagnosticsManager] /usr/lib64
2016-10-26 18:09:13.392+0000 INFO  [o.n.k.i.DiagnosticsManager] /lib64
2016-10-26 18:09:13.392+0000 INFO  [o.n.k.i.DiagnosticsManager] /lib
2016-10-26 18:09:13.392+0000 INFO  [o.n.k.i.DiagnosticsManager] /usr/lib
2016-10-26 18:09:13.392+0000 INFO  [o.n.k.i.DiagnosticsManager] System.properties:
2016-10-26 18:09:13.393+0000 INFO  [o.n.k.i.DiagnosticsManager] sun.boot.library.path = /home/diego/dev/api/jdk/jdk1.8.0_40/jre/lib/amd64
2016-10-26 18:09:13.393+0000 INFO  [o.n.k.i.DiagnosticsManager] user.country.format = BR
2016-10-26 18:09:13.393+0000 INFO  [o.n.k.i.DiagnosticsManager] path.separator = :
2016-10-26 18:09:13.393+0000 INFO  [o.n.k.i.DiagnosticsManager] file.encoding.pkg = sun.io
2016-10-26 18:09:13.393+0000 INFO  [o.n.k.i.DiagnosticsManager] user.country = US
2016-10-26 18:09:13.393+0000 INFO  [o.n.k.i.DiagnosticsManager] sun.java.launcher = SUN_STANDARD
2016-10-26 18:09:13.393+0000 INFO  [o.n.k.i.DiagnosticsManager] sun.os.patch.level = unknown
2016-10-26 18:09:13.393+0000 INFO  [o.n.k.i.DiagnosticsManager] user.dir = /home/diego/dev/db/neo4j-pure/neo4j-community-3.0.6/bin
2016-10-26 18:09:13.393+0000 INFO  [o.n.k.i.DiagnosticsManager] sun.jnu.encoding = UTF-8
2016-10-26 18:09:13.393+0000 INFO  [o.n.k.i.DiagnosticsManager] unsupported.dbms.udc.source = tarball
2016-10-26 18:09:13.393+0000 INFO  [o.n.k.i.DiagnosticsManager] sun.management.compiler = HotSpot 64-Bit Tiered Compilers
2016-10-26 18:09:13.393+0000 INFO  [o.n.k.i.DiagnosticsManager] user.home = /home/diego
2016-10-26 18:09:13.393+0000 INFO  [o.n.k.i.DiagnosticsManager] user.timezone = America/Sao_Paulo
2016-10-26 18:09:13.393+0000 INFO  [o.n.k.i.DiagnosticsManager] file.encoding = UTF-8
2016-10-26 18:09:13.393+0000 INFO  [o.n.k.i.DiagnosticsManager] user.name = diego
2016-10-26 18:09:13.393+0000 INFO  [o.n.k.i.DiagnosticsManager] sun.java.command = org.neo4j.server.CommunityEntryPoint --home-dir=/home/diego/dev/db/neo4j-pure/neo4j-community-3.0.6 --config-dir=/home/diego/dev/db/neo4j-pure/neo4j-community-3.0.6/conf
2016-10-26 18:09:13.393+0000 INFO  [o.n.k.i.DiagnosticsManager] sun.arch.data.model = 64
2016-10-26 18:09:13.393+0000 INFO  [o.n.k.i.DiagnosticsManager] user.language = en
2016-10-26 18:09:13.393+0000 INFO  [o.n.k.i.DiagnosticsManager] user.language.format = pt
2016-10-26 18:09:13.393+0000 INFO  [o.n.k.i.DiagnosticsManager] awt.toolkit = sun.awt.X11.XToolkit
2016-10-26 18:09:13.393+0000 INFO  [o.n.k.i.DiagnosticsManager] jdk.tls.ephemeralDHKeySize = 2048
2016-10-26 18:09:13.393+0000 INFO  [o.n.k.i.DiagnosticsManager] file.separator = /
2016-10-26 18:09:13.393+0000 INFO  [o.n.k.i.DiagnosticsManager] sun.io.unicode.encoding = UnicodeLittle
2016-10-26 18:09:13.393+0000 INFO  [o.n.k.i.DiagnosticsManager] sun.cpu.endian = little
2016-10-26 18:09:13.393+0000 INFO  [o.n.k.i.DiagnosticsManager] sun.desktop = gnome
2016-10-26 18:09:13.393+0000 INFO  [o.n.k.i.DiagnosticsManager] sun.cpu.isalist = 
2016-10-26 18:09:13.393+0000 INFO  [o.n.k.i.DiagnosticsManager] Linux scheduler information:
2016-10-26 18:09:13.398+0000 INFO  [o.n.k.i.DiagnosticsManager] noop [deadline] cfq 
2016-10-26 18:09:13.399+0000 INFO  [o.n.k.i.DiagnosticsManager] noop [deadline] cfq 
2016-10-26 18:09:13.399+0000 INFO  [o.n.k.i.DiagnosticsManager] none
2016-10-26 18:09:13.399+0000 INFO  [o.n.k.i.DiagnosticsManager] none
2016-10-26 18:09:13.399+0000 INFO  [o.n.k.i.DiagnosticsManager] none
2016-10-26 18:09:13.399+0000 INFO  [o.n.k.i.DiagnosticsManager] none
2016-10-26 18:09:13.399+0000 INFO  [o.n.k.i.DiagnosticsManager] none
2016-10-26 18:09:13.399+0000 INFO  [o.n.k.i.DiagnosticsManager] none
2016-10-26 18:09:13.400+0000 INFO  [o.n.k.i.DiagnosticsManager] none
2016-10-26 18:09:13.400+0000 INFO  [o.n.k.i.DiagnosticsManager] none
2016-10-26 18:09:13.400+0000 INFO  [o.n.k.i.DiagnosticsManager] none
2016-10-26 18:09:13.400+0000 INFO  [o.n.k.i.DiagnosticsManager] none
2016-10-26 18:09:13.400+0000 INFO  [o.n.k.i.DiagnosticsManager] none
2016-10-26 18:09:13.400+0000 INFO  [o.n.k.i.DiagnosticsManager] none
2016-10-26 18:09:13.400+0000 INFO  [o.n.k.i.DiagnosticsManager] none
2016-10-26 18:09:13.401+0000 INFO  [o.n.k.i.DiagnosticsManager] none
2016-10-26 18:09:13.401+0000 INFO  [o.n.k.i.DiagnosticsManager] none
2016-10-26 18:09:13.401+0000 INFO  [o.n.k.i.DiagnosticsManager] none
2016-10-26 18:09:13.401+0000 INFO  [o.n.k.i.DiagnosticsManager] none
2016-10-26 18:09:13.401+0000 INFO  [o.n.k.i.DiagnosticsManager] none
2016-10-26 18:09:13.401+0000 INFO  [o.n.k.i.DiagnosticsManager] none
2016-10-26 18:09:13.401+0000 INFO  [o.n.k.i.DiagnosticsManager] none
2016-10-26 18:09:13.402+0000 INFO  [o.n.k.i.DiagnosticsManager] none
2016-10-26 18:09:13.402+0000 INFO  [o.n.k.i.DiagnosticsManager] none
2016-10-26 18:09:13.402+0000 INFO  [o.n.k.i.DiagnosticsManager] none
2016-10-26 18:09:13.402+0000 INFO  [o.n.k.i.DiagnosticsManager] none
2016-10-26 18:09:13.402+0000 INFO  [o.n.k.i.DiagnosticsManager] Network information:
2016-10-26 18:09:13.403+0000 INFO  [o.n.k.i.DiagnosticsManager] Interface wlp1s0:
2016-10-26 18:09:13.403+0000 INFO  [o.n.k.i.DiagnosticsManager]     address: fe80:0:0:0:864b:f5ff:feb9:7725%wlp1s0
2016-10-26 18:09:13.403+0000 INFO  [o.n.k.i.DiagnosticsManager]     address: 10.31.0.100
2016-10-26 18:09:13.403+0000 INFO  [o.n.k.i.DiagnosticsManager] Interface eno1:
2016-10-26 18:09:13.403+0000 INFO  [o.n.k.i.DiagnosticsManager]     address: fe80:0:0:0:7a2b:cbff:febd:dffc%eno1
2016-10-26 18:09:13.403+0000 INFO  [o.n.k.i.DiagnosticsManager]     address: 10.16.240.25
2016-10-26 18:09:13.403+0000 INFO  [o.n.k.i.DiagnosticsManager] Interface lo:
2016-10-26 18:09:13.403+0000 INFO  [o.n.k.i.DiagnosticsManager]     address: 0:0:0:0:0:0:0:1%lo
2016-10-26 18:09:13.403+0000 INFO  [o.n.k.i.DiagnosticsManager]     address: 127.0.0.1
2016-10-26 18:09:13.403+0000 INFO  [o.n.k.i.DiagnosticsManager] --- INITIALIZED diagnostics END ---
2016-10-26 18:09:13.605+0000 INFO  [o.n.b.v.r.Sessions] Bolt Server extension loaded.
2016-10-26 18:09:13.605+0000 INFO  [o.n.b.v.r.Sessions] Bolt enabled on localhost:7687.
2016-10-26 18:09:13.725+0000 INFO  [o.n.k.i.s.f.RecordFormatSelector] Selected RecordFormat:StandardV3_0[v0.A.7] record format from store /home/diego/dev/db/neo4j-pure/neo4j-community-3.0.6/data/databases/graph.db
2016-10-26 18:09:13.746+0000 INFO  [o.n.k.i.s.f.RecordFormatSelector] Format not configured. Selected format from the store: RecordFormat:StandardV3_0[v0.A.7]
2016-10-26 18:09:14.078+0000 INFO  [o.n.k.i.a.i.IndexingService] IndexingService.init: index 1 on :label[1](property[5]) is ONLINE
2016-10-26 18:09:14.091+0000 INFO  [o.n.k.i.a.i.IndexingService] IndexingService.init: index 2 on :label[0](property[9]) is ONLINE
2016-10-26 18:09:14.098+0000 INFO  [o.n.k.i.a.i.IndexingService] IndexingService.init: index 3 on :label[3](property[5]) is ONLINE
2016-10-26 18:09:14.105+0000 INFO  [o.n.k.i.a.i.IndexingService] IndexingService.init: index 4 on :label[4](property[5]) is ONLINE
2016-10-26 18:09:14.112+0000 INFO  [o.n.k.i.a.i.IndexingService] IndexingService.init: index 8 on :label[2](property[3]) is ONLINE
2016-10-26 18:09:14.416+0000 INFO  [o.n.k.i.s.DynamicArrayStore] Rebuilding id generator for[/home/diego/dev/db/neo4j-pure/neo4j-community-3.0.6/data/databases/graph.db/neostore.nodestore.db.labels] ...
2016-10-26 18:09:14.473+0000 INFO  [o.n.k.i.s.DynamicArrayStore] [/home/diego/dev/db/neo4j-pure/neo4j-community-3.0.6/data/databases/graph.db/neostore.nodestore.db.labels] high id=1 (defragged=0)
2016-10-26 18:09:14.473+0000 INFO  [o.n.k.i.s.DynamicArrayStore] /home/diego/dev/db/neo4j-pure/neo4j-community-3.0.6/data/databases/graph.db/neostore.nodestore.db.labels rebuild id generator, highId=1 defragged count=0
2016-10-26 18:09:14.473+0000 INFO  [o.n.k.i.s.NodeStore] Rebuilding id generator for[/home/diego/dev/db/neo4j-pure/neo4j-community-3.0.6/data/databases/graph.db/neostore.nodestore.db] ...
2016-10-26 18:09:14.509+0000 INFO  [o.n.k.i.s.NodeStore] [/home/diego/dev/db/neo4j-pure/neo4j-community-3.0.6/data/databases/graph.db/neostore.nodestore.db] high id=71543 (defragged=0)
2016-10-26 18:09:14.509+0000 INFO  [o.n.k.i.s.NodeStore] /home/diego/dev/db/neo4j-pure/neo4j-community-3.0.6/data/databases/graph.db/neostore.nodestore.db rebuild id generator, highId=71543 defragged count=0
2016-10-26 18:09:14.509+0000 INFO  [o.n.k.i.s.DynamicStringStore] Rebuilding id generator for[/home/diego/dev/db/neo4j-pure/neo4j-community-3.0.6/data/databases/graph.db/neostore.propertystore.db.index.keys] ...
2016-10-26 18:09:14.546+0000 INFO  [o.n.k.i.s.DynamicStringStore] [/home/diego/dev/db/neo4j-pure/neo4j-community-3.0.6/data/databases/graph.db/neostore.propertystore.db.index.keys] high id=28 (defragged=0)
2016-10-26 18:09:14.546+0000 INFO  [o.n.k.i.s.DynamicStringStore] /home/diego/dev/db/neo4j-pure/neo4j-community-3.0.6/data/databases/graph.db/neostore.propertystore.db.index.keys rebuild id generator, highId=28 defragged count=0
2016-10-26 18:09:14.546+0000 INFO  [o.n.k.i.s.PropertyKeyTokenStore] Rebuilding id generator for[/home/diego/dev/db/neo4j-pure/neo4j-community-3.0.6/data/databases/graph.db/neostore.propertystore.db.index] ...
2016-10-26 18:09:14.584+0000 INFO  [o.n.k.i.s.PropertyKeyTokenStore] [/home/diego/dev/db/neo4j-pure/neo4j-community-3.0.6/data/databases/graph.db/neostore.propertystore.db.index] high id=27 (defragged=0)
2016-10-26 18:09:14.584+0000 INFO  [o.n.k.i.s.PropertyKeyTokenStore] /home/diego/dev/db/neo4j-pure/neo4j-community-3.0.6/data/databases/graph.db/neostore.propertystore.db.index rebuild id generator, highId=27 defragged count=0
2016-10-26 18:09:14.622+0000 INFO  [o.n.k.i.s.DynamicStringStore] Rebuilding id generator for[/home/diego/dev/db/neo4j-pure/neo4j-community-3.0.6/data/databases/graph.db/neostore.propertystore.db.strings] ...
2016-10-26 18:09:14.670+0000 INFO  [o.n.k.i.s.DynamicStringStore] [/home/diego/dev/db/neo4j-pure/neo4j-community-3.0.6/data/databases/graph.db/neostore.propertystore.db.strings] high id=104034 (defragged=0)
2016-10-26 18:09:14.670+0000 INFO  [o.n.k.i.s.DynamicStringStore] /home/diego/dev/db/neo4j-pure/neo4j-community-3.0.6/data/databases/graph.db/neostore.propertystore.db.strings rebuild id generator, highId=104034 defragged count=0
2016-10-26 18:09:14.670+0000 INFO  [o.n.k.i.s.DynamicArrayStore] Rebuilding id generator for[/home/diego/dev/db/neo4j-pure/neo4j-community-3.0.6/data/databases/graph.db/neostore.propertystore.db.arrays] ...
2016-10-26 18:09:14.705+0000 INFO  [o.n.k.i.s.DynamicArrayStore] [/home/diego/dev/db/neo4j-pure/neo4j-community-3.0.6/data/databases/graph.db/neostore.propertystore.db.arrays] high id=1 (defragged=0)
2016-10-26 18:09:14.705+0000 INFO  [o.n.k.i.s.DynamicArrayStore] /home/diego/dev/db/neo4j-pure/neo4j-community-3.0.6/data/databases/graph.db/neostore.propertystore.db.arrays rebuild id generator, highId=1 defragged count=0
2016-10-26 18:09:14.705+0000 INFO  [o.n.k.i.s.PropertyStore] Rebuilding id generator for[/home/diego/dev/db/neo4j-pure/neo4j-community-3.0.6/data/databases/graph.db/neostore.propertystore.db] ...
2016-10-26 18:09:14.744+0000 INFO  [o.n.k.i.s.PropertyStore] [/home/diego/dev/db/neo4j-pure/neo4j-community-3.0.6/data/databases/graph.db/neostore.propertystore.db] high id=426800 (defragged=0)
2016-10-26 18:09:14.744+0000 INFO  [o.n.k.i.s.PropertyStore] /home/diego/dev/db/neo4j-pure/neo4j-community-3.0.6/data/databases/graph.db/neostore.propertystore.db rebuild id generator, highId=426800 defragged count=0
2016-10-26 18:09:14.744+0000 INFO  [o.n.k.i.s.RelationshipStore] Rebuilding id generator for[/home/diego/dev/db/neo4j-pure/neo4j-community-3.0.6/data/databases/graph.db/neostore.relationshipstore.db] ...
2016-10-26 18:09:14.781+0000 INFO  [o.n.k.i.s.RelationshipStore] [/home/diego/dev/db/neo4j-pure/neo4j-community-3.0.6/data/databases/graph.db/neostore.relationshipstore.db] high id=121778 (defragged=0)
2016-10-26 18:09:14.781+0000 INFO  [o.n.k.i.s.RelationshipStore] /home/diego/dev/db/neo4j-pure/neo4j-community-3.0.6/data/databases/graph.db/neostore.relationshipstore.db rebuild id generator, highId=121778 defragged count=0
2016-10-26 18:09:14.781+0000 INFO  [o.n.k.i.s.DynamicStringStore] Rebuilding id generator for[/home/diego/dev/db/neo4j-pure/neo4j-community-3.0.6/data/databases/graph.db/neostore.relationshiptypestore.db.names] ...
2016-10-26 18:09:14.818+0000 INFO  [o.n.k.i.s.DynamicStringStore] [/home/diego/dev/db/neo4j-pure/neo4j-community-3.0.6/data/databases/graph.db/neostore.relationshiptypestore.db.names] high id=6 (defragged=0)
2016-10-26 18:09:14.819+0000 INFO  [o.n.k.i.s.DynamicStringStore] /home/diego/dev/db/neo4j-pure/neo4j-community-3.0.6/data/databases/graph.db/neostore.relationshiptypestore.db.names rebuild id generator, highId=6 defragged count=0
2016-10-26 18:09:14.819+0000 INFO  [o.n.k.i.s.RelationshipTypeTokenStore] Rebuilding id generator for[/home/diego/dev/db/neo4j-pure/neo4j-community-3.0.6/data/databases/graph.db/neostore.relationshiptypestore.db] ...
2016-10-26 18:09:14.857+0000 INFO  [o.n.k.i.s.RelationshipTypeTokenStore] [/home/diego/dev/db/neo4j-pure/neo4j-community-3.0.6/data/databases/graph.db/neostore.relationshiptypestore.db] high id=5 (defragged=0)
2016-10-26 18:09:14.857+0000 INFO  [o.n.k.i.s.RelationshipTypeTokenStore] /home/diego/dev/db/neo4j-pure/neo4j-community-3.0.6/data/databases/graph.db/neostore.relationshiptypestore.db rebuild id generator, highId=5 defragged count=0
2016-10-26 18:09:14.894+0000 INFO  [o.n.k.i.s.DynamicStringStore] Rebuilding id generator for[/home/diego/dev/db/neo4j-pure/neo4j-community-3.0.6/data/databases/graph.db/neostore.labeltokenstore.db.names] ...
2016-10-26 18:09:14.932+0000 INFO  [o.n.k.i.s.DynamicStringStore] [/home/diego/dev/db/neo4j-pure/neo4j-community-3.0.6/data/databases/graph.db/neostore.labeltokenstore.db.names] high id=6 (defragged=0)
2016-10-26 18:09:14.932+0000 INFO  [o.n.k.i.s.DynamicStringStore] /home/diego/dev/db/neo4j-pure/neo4j-community-3.0.6/data/databases/graph.db/neostore.labeltokenstore.db.names rebuild id generator, highId=6 defragged count=0
2016-10-26 18:09:14.932+0000 INFO  [o.n.k.i.s.LabelTokenStore] Rebuilding id generator for[/home/diego/dev/db/neo4j-pure/neo4j-community-3.0.6/data/databases/graph.db/neostore.labeltokenstore.db] ...
2016-10-26 18:09:14.970+0000 INFO  [o.n.k.i.s.LabelTokenStore] [/home/diego/dev/db/neo4j-pure/neo4j-community-3.0.6/data/databases/graph.db/neostore.labeltokenstore.db] high id=5 (defragged=0)
2016-10-26 18:09:14.971+0000 INFO  [o.n.k.i.s.LabelTokenStore] /home/diego/dev/db/neo4j-pure/neo4j-community-3.0.6/data/databases/graph.db/neostore.labeltokenstore.db rebuild id generator, highId=5 defragged count=0
2016-10-26 18:09:15.008+0000 INFO  [o.n.k.i.s.SchemaStore] Rebuilding id generator for[/home/diego/dev/db/neo4j-pure/neo4j-community-3.0.6/data/databases/graph.db/neostore.schemastore.db] ...
2016-10-26 18:09:15.045+0000 INFO  [o.n.k.i.s.SchemaStore] [/home/diego/dev/db/neo4j-pure/neo4j-community-3.0.6/data/databases/graph.db/neostore.schemastore.db] high id=10 (defragged=0)
2016-10-26 18:09:15.045+0000 INFO  [o.n.k.i.s.SchemaStore] /home/diego/dev/db/neo4j-pure/neo4j-community-3.0.6/data/databases/graph.db/neostore.schemastore.db rebuild id generator, highId=10 defragged count=0
2016-10-26 18:09:15.045+0000 INFO  [o.n.k.i.s.RelationshipGroupStore] Rebuilding id generator for[/home/diego/dev/db/neo4j-pure/neo4j-community-3.0.6/data/databases/graph.db/neostore.relationshipgroupstore.db] ...
2016-10-26 18:09:15.084+0000 INFO  [o.n.k.i.s.RelationshipGroupStore] [/home/diego/dev/db/neo4j-pure/neo4j-community-3.0.6/data/databases/graph.db/neostore.relationshipgroupstore.db] high id=63 (defragged=0)
2016-10-26 18:09:15.084+0000 INFO  [o.n.k.i.s.RelationshipGroupStore] /home/diego/dev/db/neo4j-pure/neo4j-community-3.0.6/data/databases/graph.db/neostore.relationshipgroupstore.db rebuild id generator, highId=63 defragged count=0
2016-10-26 18:09:15.084+0000 INFO  [o.n.k.i.s.MetaDataStore] Rebuilding id generator for[/home/diego/dev/db/neo4j-pure/neo4j-community-3.0.6/data/databases/graph.db/neostore] ...
2016-10-26 18:09:15.122+0000 INFO  [o.n.k.i.s.MetaDataStore] [/home/diego/dev/db/neo4j-pure/neo4j-community-3.0.6/data/databases/graph.db/neostore] high id=15 (defragged=0)
2016-10-26 18:09:15.122+0000 INFO  [o.n.k.i.s.MetaDataStore] /home/diego/dev/db/neo4j-pure/neo4j-community-3.0.6/data/databases/graph.db/neostore rebuild id generator, highId=15 defragged count=0
2016-10-26 18:09:15.129+0000 INFO  [o.n.k.i.a.i.IndexingService] IndexingService.start: index 8 on :User(login) is ONLINE
2016-10-26 18:09:15.129+0000 INFO  [o.n.k.i.a.i.IndexingService] IndexingService.start: index 1 on :Person(name) is ONLINE
2016-10-26 18:09:15.129+0000 INFO  [o.n.k.i.a.i.IndexingService] IndexingService.start: index 2 on :Movie(title) is ONLINE
2016-10-26 18:09:15.129+0000 INFO  [o.n.k.i.a.i.IndexingService] IndexingService.start: index 3 on :Actor(name) is ONLINE
2016-10-26 18:09:15.130+0000 INFO  [o.n.k.i.a.i.IndexingService] IndexingService.start: index 4 on :Director(name) is ONLINE
2016-10-26 18:09:15.159+0000 INFO  [o.n.k.i.DatabaseHealth] Database health set to OK
2016-10-26 18:09:15.445+0000 INFO  [o.n.k.AvailabilityGuard] Fulfilling of requirement makes database available: Database available
2016-10-26 18:09:15.446+0000 INFO  [o.n.k.i.f.CommunityFacadeFactory] Database is now ready
2016-10-26 18:09:15.446+0000 INFO  [o.n.k.i.DiagnosticsManager] --- STARTED diagnostics for KernelDiagnostics:Versions START ---
2016-10-26 18:09:15.446+0000 INFO  [o.n.k.i.DiagnosticsManager] Graph Database: community single StoreId{creationTime=1302041417160, randomId=279295251295883695, storeVersion=15531981201765894, upgradeTime=1477503894452, upgradeId=199}
2016-10-26 18:09:15.446+0000 INFO  [o.n.k.i.DiagnosticsManager] Kernel version: 3.0.6,66df41d1018f54ccd67d7d384e87abae0468bcdb
2016-10-26 18:09:15.446+0000 INFO  [o.n.k.i.DiagnosticsManager] --- STARTED diagnostics for KernelDiagnostics:Versions END ---
2016-10-26 18:09:15.448+0000 INFO  [o.n.k.i.DiagnosticsManager] --- STARTED diagnostics for NEO_STORE_VERSIONS START ---
2016-10-26 18:09:15.448+0000 INFO  [o.n.k.i.DiagnosticsManager] Store versions:
2016-10-26 18:09:15.448+0000 INFO  [o.n.k.i.DiagnosticsManager] Store versions:
2016-10-26 18:09:15.448+0000 INFO  [o.n.k.i.DiagnosticsManager]   ArrayPropertyStore v0.A.7
2016-10-26 18:09:15.448+0000 INFO  [o.n.k.i.DiagnosticsManager]   NodeStore v0.A.7
2016-10-26 18:09:15.448+0000 INFO  [o.n.k.i.DiagnosticsManager]   StringPropertyStore v0.A.7
2016-10-26 18:09:15.448+0000 INFO  [o.n.k.i.DiagnosticsManager]   PropertyIndexStore v0.A.7
2016-10-26 18:09:15.448+0000 INFO  [o.n.k.i.DiagnosticsManager]   StringPropertyStore v0.A.7
2016-10-26 18:09:15.448+0000 INFO  [o.n.k.i.DiagnosticsManager]   ArrayPropertyStore v0.A.7
2016-10-26 18:09:15.448+0000 INFO  [o.n.k.i.DiagnosticsManager]   PropertyStore v0.A.7
2016-10-26 18:09:15.448+0000 INFO  [o.n.k.i.DiagnosticsManager]   RelationshipStore v0.A.7
2016-10-26 18:09:15.448+0000 INFO  [o.n.k.i.DiagnosticsManager]   StringPropertyStore v0.A.7
2016-10-26 18:09:15.448+0000 INFO  [o.n.k.i.DiagnosticsManager]   RelationshipTypeStore v0.A.7
2016-10-26 18:09:15.448+0000 INFO  [o.n.k.i.DiagnosticsManager]   StringPropertyStore v0.A.7
2016-10-26 18:09:15.448+0000 INFO  [o.n.k.i.DiagnosticsManager]   LabelTokenStore v0.A.7
2016-10-26 18:09:15.448+0000 INFO  [o.n.k.i.DiagnosticsManager]   SchemaStore v0.A.7
2016-10-26 18:09:15.448+0000 INFO  [o.n.k.i.DiagnosticsManager]   RelationshipGroupStore v0.A.7
2016-10-26 18:09:15.448+0000 INFO  [o.n.k.i.DiagnosticsManager]   NeoStore v0.A.7
2016-10-26 18:09:15.448+0000 INFO  [o.n.k.i.DiagnosticsManager] --- STARTED diagnostics for NEO_STORE_VERSIONS END ---
2016-10-26 18:09:15.448+0000 INFO  [o.n.k.i.DiagnosticsManager] --- STARTED diagnostics for NEO_STORE_ID_USAGE START ---
2016-10-26 18:09:15.448+0000 INFO  [o.n.k.i.DiagnosticsManager] Id usage:
2016-10-26 18:09:15.448+0000 INFO  [o.n.k.i.DiagnosticsManager] Id usage:
2016-10-26 18:09:15.448+0000 INFO  [o.n.k.i.DiagnosticsManager]   ArrayPropertyStore: used=1 high=0
2016-10-26 18:09:15.448+0000 INFO  [o.n.k.i.DiagnosticsManager]   NodeStore: used=71543 high=71542
2016-10-26 18:09:15.449+0000 INFO  [o.n.k.i.DiagnosticsManager]   StringPropertyStore: used=28 high=27
2016-10-26 18:09:15.449+0000 INFO  [o.n.k.i.DiagnosticsManager]   PropertyIndexStore: used=27 high=26
2016-10-26 18:09:15.449+0000 INFO  [o.n.k.i.DiagnosticsManager]   StringPropertyStore: used=104034 high=104033
2016-10-26 18:09:15.449+0000 INFO  [o.n.k.i.DiagnosticsManager]   ArrayPropertyStore: used=1 high=0
2016-10-26 18:09:15.449+0000 INFO  [o.n.k.i.DiagnosticsManager]   PropertyStore: used=426800 high=426799
2016-10-26 18:09:15.449+0000 INFO  [o.n.k.i.DiagnosticsManager]   RelationshipStore: used=121778 high=121777
2016-10-26 18:09:15.449+0000 INFO  [o.n.k.i.DiagnosticsManager]   StringPropertyStore: used=6 high=5
2016-10-26 18:09:15.449+0000 INFO  [o.n.k.i.DiagnosticsManager]   RelationshipTypeStore: used=5 high=4
2016-10-26 18:09:15.449+0000 INFO  [o.n.k.i.DiagnosticsManager]   StringPropertyStore: used=6 high=5
2016-10-26 18:09:15.449+0000 INFO  [o.n.k.i.DiagnosticsManager]   LabelTokenStore: used=5 high=4
2016-10-26 18:09:15.449+0000 INFO  [o.n.k.i.DiagnosticsManager]   SchemaStore: used=10 high=9
2016-10-26 18:09:15.449+0000 INFO  [o.n.k.i.DiagnosticsManager]   RelationshipGroupStore: used=63 high=62
2016-10-26 18:09:15.449+0000 INFO  [o.n.k.i.DiagnosticsManager]   NeoStore: used=15 high=14
2016-10-26 18:09:15.449+0000 INFO  [o.n.k.i.DiagnosticsManager] --- STARTED diagnostics for NEO_STORE_ID_USAGE END ---
2016-10-26 18:09:15.449+0000 INFO  [o.n.k.i.DiagnosticsManager] --- STARTED diagnostics for NEO_STORE_RECORDS START ---
2016-10-26 18:09:15.449+0000 INFO  [o.n.k.i.DiagnosticsManager] Neostore records:
2016-10-26 18:09:15.450+0000 INFO  [o.n.k.i.DiagnosticsManager] TIME (Creation time): 1302041417160
2016-10-26 18:09:15.450+0000 INFO  [o.n.k.i.DiagnosticsManager] RANDOM_NUMBER (Random number for store id): 279295251295883695
2016-10-26 18:09:15.450+0000 INFO  [o.n.k.i.DiagnosticsManager] LOG_VERSION (Current log version): 29
2016-10-26 18:09:15.450+0000 INFO  [o.n.k.i.DiagnosticsManager] LAST_TRANSACTION_ID (Last committed transaction): 199
2016-10-26 18:09:15.450+0000 INFO  [o.n.k.i.DiagnosticsManager] STORE_VERSION (Store format version): 15531981201765894
2016-10-26 18:09:15.450+0000 INFO  [o.n.k.i.DiagnosticsManager] FIRST_GRAPH_PROPERTY (First property record containing graph properties): -1
2016-10-26 18:09:15.450+0000 INFO  [o.n.k.i.DiagnosticsManager] LAST_CONSTRAINT_TRANSACTION (Last committed transaction containing constraint changes): 197
2016-10-26 18:09:15.450+0000 INFO  [o.n.k.i.DiagnosticsManager] UPGRADE_TRANSACTION_ID (Transaction id most recent upgrade was performed at): 199
2016-10-26 18:09:15.450+0000 INFO  [o.n.k.i.DiagnosticsManager] UPGRADE_TIME (Time of last upgrade): 1477503894452
2016-10-26 18:09:15.450+0000 INFO  [o.n.k.i.DiagnosticsManager] LAST_TRANSACTION_CHECKSUM (Checksum of last committed transaction): 4384791216873473578
2016-10-26 18:09:15.450+0000 INFO  [o.n.k.i.DiagnosticsManager] UPGRADE_TRANSACTION_CHECKSUM (Checksum of transaction id the most recent upgrade was performed at): 4384791216873473578
2016-10-26 18:09:15.450+0000 INFO  [o.n.k.i.DiagnosticsManager] LAST_CLOSED_TRANSACTION_LOG_VERSION (Log version where the last transaction commit entry has been written into): 0
2016-10-26 18:09:15.450+0000 INFO  [o.n.k.i.DiagnosticsManager] LAST_CLOSED_TRANSACTION_LOG_BYTE_OFFSET (Byte offset in the log file where the last transaction commit entry has been written into): 16
2016-10-26 18:09:15.450+0000 INFO  [o.n.k.i.DiagnosticsManager] LAST_TRANSACTION_COMMIT_TIMESTAMP (Commit time timestamp for last committed transaction): 1
2016-10-26 18:09:15.450+0000 INFO  [o.n.k.i.DiagnosticsManager] UPGRADE_TRANSACTION_COMMIT_TIMESTAMP (Commit timestamp of transaction the most recent upgrade was performed at): 1
2016-10-26 18:09:15.451+0000 INFO  [o.n.k.i.DiagnosticsManager] --- STARTED diagnostics for NEO_STORE_RECORDS END ---
2016-10-26 18:09:15.451+0000 INFO  [o.n.k.i.DiagnosticsManager] --- STARTED diagnostics for TRANSACTION_RANGE START ---
2016-10-26 18:09:15.451+0000 INFO  [o.n.k.i.DiagnosticsManager] Transaction log:
2016-10-26 18:09:15.452+0000 INFO  [o.n.k.i.DiagnosticsManager] Oldest transaction 200 found in log with version 29
2016-10-26 18:09:15.452+0000 INFO  [o.n.k.i.DiagnosticsManager] --- STARTED diagnostics for TRANSACTION_RANGE END ---
2016-10-26 18:09:15.452+0000 INFO  [o.n.k.i.DiagnosticsManager] --- STARTED diagnostics for KernelDiagnostics:StoreFiles START ---
2016-10-26 18:09:15.452+0000 INFO  [o.n.k.i.DiagnosticsManager] Disk space on partition (Total / Free / Free %): 483791233024 / 71257423872 / 14
Storage files: (filename : modification date - size)
2016-10-26 18:09:15.453+0000 INFO  [o.n.k.i.DiagnosticsManager]   index:
2016-10-26 18:09:15.453+0000 INFO  [o.n.k.i.DiagnosticsManager]     lucene:
2016-10-26 18:09:15.453+0000 INFO  [o.n.k.i.DiagnosticsManager]       node:
2016-10-26 18:09:15.453+0000 INFO  [o.n.k.i.DiagnosticsManager]         Movie:
2016-10-26 18:09:15.453+0000 INFO  [o.n.k.i.DiagnosticsManager]           _n.fdt: 2016-10-26T15:44:46-0200 - 342,50 kB
2016-10-26 18:09:15.453+0000 INFO  [o.n.k.i.DiagnosticsManager]           _n.fdx: 2016-10-26T15:44:46-0200 - 250,00 B
2016-10-26 18:09:15.453+0000 INFO  [o.n.k.i.DiagnosticsManager]           _n.fnm: 2016-10-26T15:44:46-0200 - 327,00 B
2016-10-26 18:09:15.453+0000 INFO  [o.n.k.i.DiagnosticsManager]           _n.nvd: 2016-10-26T15:44:46-0200 - 59,00 B
2016-10-26 18:09:15.453+0000 INFO  [o.n.k.i.DiagnosticsManager]           _n.nvm: 2016-10-26T15:44:46-0200 - 98,00 B
2016-10-26 18:09:15.453+0000 INFO  [o.n.k.i.DiagnosticsManager]           _n.si: 2016-10-26T15:44:46-0200 - 501,00 B
2016-10-26 18:09:15.454+0000 INFO  [o.n.k.i.DiagnosticsManager]           _n_Lucene50_0.doc: 2016-10-26T15:44:46-0200 - 1,53 kB
2016-10-26 18:09:15.454+0000 INFO  [o.n.k.i.DiagnosticsManager]           _n_Lucene50_0.pos: 2016-10-26T15:44:46-0200 - 37,76 kB
2016-10-26 18:09:15.454+0000 INFO  [o.n.k.i.DiagnosticsManager]           _n_Lucene50_0.tim: 2016-10-26T15:44:46-0200 - 502,88 kB
2016-10-26 18:09:15.454+0000 INFO  [o.n.k.i.DiagnosticsManager]           _n_Lucene50_0.tip: 2016-10-26T15:44:46-0200 - 8,05 kB
2016-10-26 18:09:15.454+0000 INFO  [o.n.k.i.DiagnosticsManager]           segments_8: 2016-10-26T15:44:46-0200 - 136,00 B
2016-10-26 18:09:15.454+0000 INFO  [o.n.k.i.DiagnosticsManager]         - Total: 2016-10-26T15:44:55-0200 - 894,05 kB
2016-10-26 18:09:15.454+0000 INFO  [o.n.k.i.DiagnosticsManager]         Person:
2016-10-26 18:09:15.454+0000 INFO  [o.n.k.i.DiagnosticsManager]           _o.fdt: 2016-10-26T15:44:48-0200 - 1,18 MB
2016-10-26 18:09:15.454+0000 INFO  [o.n.k.i.DiagnosticsManager]           _o.fdx: 2016-10-26T15:44:48-0200 - 824,00 B
2016-10-26 18:09:15.455+0000 INFO  [o.n.k.i.DiagnosticsManager]           _o.fnm: 2016-10-26T15:44:48-0200 - 326,00 B
2016-10-26 18:09:15.455+0000 INFO  [o.n.k.i.DiagnosticsManager]           _o.nvd: 2016-10-26T15:44:48-0200 - 59,00 B
2016-10-26 18:09:15.455+0000 INFO  [o.n.k.i.DiagnosticsManager]           _o.nvm: 2016-10-26T15:44:48-0200 - 98,00 B
2016-10-26 18:09:15.455+0000 INFO  [o.n.k.i.DiagnosticsManager]           _o.si: 2016-10-26T15:44:48-0200 - 501,00 B
2016-10-26 18:09:15.455+0000 INFO  [o.n.k.i.DiagnosticsManager]           _o_Lucene50_0.doc: 2016-10-26T15:44:48-0200 - 1,82 kB
2016-10-26 18:09:15.455+0000 INFO  [o.n.k.i.DiagnosticsManager]           _o_Lucene50_0.pos: 2016-10-26T15:44:48-0200 - 147,05 kB
2016-10-26 18:09:15.456+0000 INFO  [o.n.k.i.DiagnosticsManager]           _o_Lucene50_0.tim: 2016-10-26T15:44:48-0200 - 1,75 MB
2016-10-26 18:09:15.456+0000 INFO  [o.n.k.i.DiagnosticsManager]           _o_Lucene50_0.tip: 2016-10-26T15:44:48-0200 - 32,01 kB
2016-10-26 18:09:15.456+0000 INFO  [o.n.k.i.DiagnosticsManager]           segments_8: 2016-10-26T15:44:48-0200 - 136,00 B
2016-10-26 18:09:15.456+0000 INFO  [o.n.k.i.DiagnosticsManager]         - Total: 2016-10-26T15:44:55-0200 - 3,11 MB
2016-10-26 18:09:15.456+0000 INFO  [o.n.k.i.DiagnosticsManager]         User:
2016-10-26 18:09:15.456+0000 INFO  [o.n.k.i.DiagnosticsManager]           _1h.fdt: 2016-10-26T15:44:47-0200 - 788,00 B
2016-10-26 18:09:15.456+0000 INFO  [o.n.k.i.DiagnosticsManager]           _1h.fdx: 2016-10-26T15:44:47-0200 - 84,00 B
2016-10-26 18:09:15.456+0000 INFO  [o.n.k.i.DiagnosticsManager]           _1h.fnm: 2016-10-26T15:44:47-0200 - 240,00 B
2016-10-26 18:09:15.457+0000 INFO  [o.n.k.i.DiagnosticsManager]           _1h.nvd: 2016-10-26T15:44:47-0200 - 59,00 B
2016-10-26 18:09:15.457+0000 INFO  [o.n.k.i.DiagnosticsManager]           _1h.nvm: 2016-10-26T15:44:47-0200 - 88,00 B
2016-10-26 18:09:15.457+0000 INFO  [o.n.k.i.DiagnosticsManager]           _1h.si: 2016-10-26T15:44:47-0200 - 511,00 B
2016-10-26 18:09:15.457+0000 INFO  [o.n.k.i.DiagnosticsManager]           _1h_Lucene50_0.doc: 2016-10-26T15:44:47-0200 - 114,00 B
2016-10-26 18:09:15.457+0000 INFO  [o.n.k.i.DiagnosticsManager]           _1h_Lucene50_0.pos: 2016-10-26T15:44:47-0200 - 173,00 B
2016-10-26 18:09:15.457+0000 INFO  [o.n.k.i.DiagnosticsManager]           _1h_Lucene50_0.tim: 2016-10-26T15:44:47-0200 - 1,29 kB
2016-10-26 18:09:15.457+0000 INFO  [o.n.k.i.DiagnosticsManager]           _1h_Lucene50_0.tip: 2016-10-26T15:44:47-0200 - 130,00 B
2016-10-26 18:09:15.457+0000 INFO  [o.n.k.i.DiagnosticsManager]           segments_a: 2016-10-26T15:44:47-0200 - 137,00 B
2016-10-26 18:09:15.457+0000 INFO  [o.n.k.i.DiagnosticsManager]         - Total: 2016-10-26T15:44:55-0200 - 3,56 kB
2016-10-26 18:09:15.457+0000 INFO  [o.n.k.i.DiagnosticsManager]         __types__:
2016-10-26 18:09:15.458+0000 INFO  [o.n.k.i.DiagnosticsManager]           _20.fdt: 2016-10-26T15:44:49-0200 - 406,01 kB
2016-10-26 18:09:15.458+0000 INFO  [o.n.k.i.DiagnosticsManager]           _20.fdx: 2016-10-26T15:44:49-0200 - 826,00 B
2016-10-26 18:09:15.458+0000 INFO  [o.n.k.i.DiagnosticsManager]           _20.fnm: 2016-10-26T15:44:49-0200 - 244,00 B
2016-10-26 18:09:15.458+0000 INFO  [o.n.k.i.DiagnosticsManager]           _20.nvd: 2016-10-26T15:44:49-0200 - 59,00 B
2016-10-26 18:09:15.458+0000 INFO  [o.n.k.i.DiagnosticsManager]           _20.nvm: 2016-10-26T15:44:49-0200 - 88,00 B
2016-10-26 18:09:15.458+0000 INFO  [o.n.k.i.DiagnosticsManager]           _20.si: 2016-10-26T15:44:49-0200 - 511,00 B
2016-10-26 18:09:15.458+0000 INFO  [o.n.k.i.DiagnosticsManager]           _20_Lucene50_0.doc: 2016-10-26T15:44:49-0200 - 27,78 kB
2016-10-26 18:09:15.458+0000 INFO  [o.n.k.i.DiagnosticsManager]           _20_Lucene50_0.pos: 2016-10-26T15:44:49-0200 - 62,80 kB
2016-10-26 18:09:15.458+0000 INFO  [o.n.k.i.DiagnosticsManager]           _20_Lucene50_0.tim: 2016-10-26T15:44:49-0200 - 610,11 kB
2016-10-26 18:09:15.459+0000 INFO  [o.n.k.i.DiagnosticsManager]           _20_Lucene50_0.tip: 2016-10-26T15:44:49-0200 - 8,19 kB
2016-10-26 18:09:15.459+0000 INFO  [o.n.k.i.DiagnosticsManager]           segments_b: 2016-10-26T15:44:49-0200 - 137,00 B
2016-10-26 18:09:15.459+0000 INFO  [o.n.k.i.DiagnosticsManager]         - Total: 2016-10-26T15:44:55-0200 - 1,09 MB
2016-10-26 18:09:15.459+0000 INFO  [o.n.k.i.DiagnosticsManager]         search:
2016-10-26 18:09:15.459+0000 INFO  [o.n.k.i.DiagnosticsManager]           _10.fdt: 2016-10-26T15:44:44-0200 - 364,71 kB
2016-10-26 18:09:15.459+0000 INFO  [o.n.k.i.DiagnosticsManager]           _10.fdx: 2016-10-26T15:44:44-0200 - 396,00 B
2016-10-26 18:09:15.459+0000 INFO  [o.n.k.i.DiagnosticsManager]           _10.fnm: 2016-10-26T15:44:45-0200 - 332,00 B
2016-10-26 18:09:15.459+0000 INFO  [o.n.k.i.DiagnosticsManager]           _10.nvd: 2016-10-26T15:44:45-0200 - 25,18 kB
2016-10-26 18:09:15.459+0000 INFO  [o.n.k.i.DiagnosticsManager]           _10.nvm: 2016-10-26T15:44:45-0200 - 98,00 B
2016-10-26 18:09:15.459+0000 INFO  [o.n.k.i.DiagnosticsManager]           _10.si: 2016-10-26T15:44:45-0200 - 511,00 B
2016-10-26 18:09:15.460+0000 INFO  [o.n.k.i.DiagnosticsManager]           _10_Lucene50_0.doc: 2016-10-26T15:44:45-0200 - 58,92 kB
2016-10-26 18:09:15.460+0000 INFO  [o.n.k.i.DiagnosticsManager]           _10_Lucene50_0.pos: 2016-10-26T15:44:45-0200 - 87,23 kB
2016-10-26 18:09:15.460+0000 INFO  [o.n.k.i.DiagnosticsManager]           _10_Lucene50_0.tim: 2016-10-26T15:44:45-0200 - 531,15 kB
2016-10-26 18:09:15.460+0000 INFO  [o.n.k.i.DiagnosticsManager]           _10_Lucene50_0.tip: 2016-10-26T15:44:45-0200 - 8,93 kB
2016-10-26 18:09:15.460+0000 INFO  [o.n.k.i.DiagnosticsManager]           segments_b: 2016-10-26T15:44:45-0200 - 137,00 B
2016-10-26 18:09:15.460+0000 INFO  [o.n.k.i.DiagnosticsManager]         - Total: 2016-10-26T15:44:55-0200 - 1,05 MB
2016-10-26 18:09:15.460+0000 INFO  [o.n.k.i.DiagnosticsManager]       - Total: 2016-10-26T15:44:43-0200 - 6,13 MB
2016-10-26 18:09:15.460+0000 INFO  [o.n.k.i.DiagnosticsManager]       relationship:
2016-10-26 18:09:15.460+0000 INFO  [o.n.k.i.DiagnosticsManager]         __types__:
2016-10-26 18:09:15.460+0000 INFO  [o.n.k.i.DiagnosticsManager]           _2d.fdt: 2016-10-26T15:44:51-0200 - 1,23 MB
2016-10-26 18:09:15.461+0000 INFO  [o.n.k.i.DiagnosticsManager]           _2d.fdx: 2016-10-26T15:44:51-0200 - 2,58 kB
2016-10-26 18:09:15.461+0000 INFO  [o.n.k.i.DiagnosticsManager]           _2d.fnm: 2016-10-26T15:44:51-0200 - 442,00 B
2016-10-26 18:09:15.461+0000 INFO  [o.n.k.i.DiagnosticsManager]           _2d.nvd: 2016-10-26T15:44:51-0200 - 92,57 kB
2016-10-26 18:09:15.461+0000 INFO  [o.n.k.i.DiagnosticsManager]           _2d.nvm: 2016-10-26T15:44:51-0200 - 108,00 B
2016-10-26 18:09:15.461+0000 INFO  [o.n.k.i.DiagnosticsManager]           _2d.si: 2016-10-26T15:44:51-0200 - 511,00 B
2016-10-26 18:09:15.461+0000 INFO  [o.n.k.i.DiagnosticsManager]           _2d_Lucene50_0.doc: 2016-10-26T15:44:51-0200 - 281,04 kB
2016-10-26 18:09:15.461+0000 INFO  [o.n.k.i.DiagnosticsManager]           _2d_Lucene50_0.pos: 2016-10-26T15:44:51-0200 - 290,82 kB
2016-10-26 18:09:15.461+0000 INFO  [o.n.k.i.DiagnosticsManager]           _2d_Lucene50_0.tim: 2016-10-26T15:44:51-0200 - 1,39 MB
2016-10-26 18:09:15.461+0000 INFO  [o.n.k.i.DiagnosticsManager]           _2d_Lucene50_0.tip: 2016-10-26T15:44:51-0200 - 24,32 kB
2016-10-26 18:09:15.461+0000 INFO  [o.n.k.i.DiagnosticsManager]           segments_d: 2016-10-26T15:44:51-0200 - 137,00 B
2016-10-26 18:09:15.461+0000 INFO  [o.n.k.i.DiagnosticsManager]         - Total: 2016-10-26T15:44:55-0200 - 3,30 MB
2016-10-26 18:09:15.462+0000 INFO  [o.n.k.i.DiagnosticsManager]       - Total: 2016-10-26T15:44:43-0200 - 3,30 MB
2016-10-26 18:09:15.462+0000 INFO  [o.n.k.i.DiagnosticsManager]     - Total: 2016-10-26T15:44:43-0200 - 9,43 MB
2016-10-26 18:09:15.462+0000 INFO  [o.n.k.i.DiagnosticsManager]     lucene-store.db: 2016-10-26T15:44:43-0200 - 40,00 B
2016-10-26 18:09:15.462+0000 INFO  [o.n.k.i.DiagnosticsManager]     lucene.log.active: 2016-10-26T15:44:43-0200 - 4,00 B
2016-10-26 18:09:15.462+0000 INFO  [o.n.k.i.DiagnosticsManager]     lucene.log.v17: 2016-10-26T15:44:43-0200 - 16,00 B
2016-10-26 18:09:15.462+0000 INFO  [o.n.k.i.DiagnosticsManager]     lucene.log.v18: 2016-10-26T15:44:43-0200 - 16,00 B
2016-10-26 18:09:15.462+0000 INFO  [o.n.k.i.DiagnosticsManager]     lucene.log.v19: 2016-10-26T15:44:43-0200 - 16,00 B
2016-10-26 18:09:15.462+0000 INFO  [o.n.k.i.DiagnosticsManager]     lucene.log.v20: 2016-10-26T15:44:43-0200 - 16,00 B
2016-10-26 18:09:15.462+0000 INFO  [o.n.k.i.DiagnosticsManager]     lucene.log.v21: 2016-10-26T15:44:43-0200 - 16,00 B
2016-10-26 18:09:15.462+0000 INFO  [o.n.k.i.DiagnosticsManager]     lucene.log.v22: 2016-10-26T15:44:43-0200 - 16,00 B
2016-10-26 18:09:15.463+0000 INFO  [o.n.k.i.DiagnosticsManager]     lucene.log.v23: 2016-10-26T15:44:43-0200 - 16,00 B
2016-10-26 18:09:15.463+0000 INFO  [o.n.k.i.DiagnosticsManager]   - Total: 2016-10-26T15:44:43-0200 - 9,43 MB
2016-10-26 18:09:15.463+0000 INFO  [o.n.k.i.DiagnosticsManager]   index.db: 2011-04-06T00:10:46-0300 - 569,00 B
2016-10-26 18:09:15.463+0000 INFO  [o.n.k.i.DiagnosticsManager]   messages.log: 2014-12-16T17:30:58-0200 - 413,38 kB
2016-10-26 18:09:15.463+0000 INFO  [o.n.k.i.DiagnosticsManager]   neostore: 2016-10-26T15:44:54-0200 - 8,00 kB
2016-10-26 18:09:15.463+0000 INFO  [o.n.k.i.DiagnosticsManager]   neostore.counts.db.a: 2016-10-26T15:44:55-0200 - 1,13 kB
2016-10-26 18:09:15.463+0000 INFO  [o.n.k.i.DiagnosticsManager]   neostore.counts.db.b: 2016-10-26T15:46:28-0200 - 1,44 kB
2016-10-26 18:09:15.463+0000 INFO  [o.n.k.i.DiagnosticsManager]   neostore.id: 2016-10-26T16:09:15-0200 - 9,00 B
2016-10-26 18:09:15.463+0000 INFO  [o.n.k.i.DiagnosticsManager]   neostore.labeltokenstore.db: 2016-10-26T15:44:54-0200 - 25,00 B
2016-10-26 18:09:15.463+0000 INFO  [o.n.k.i.DiagnosticsManager]   neostore.labeltokenstore.db.id: 2016-10-26T16:09:14-0200 - 9,00 B
2016-10-26 18:09:15.463+0000 INFO  [o.n.k.i.DiagnosticsManager]   neostore.labeltokenstore.db.names: 2016-10-26T15:44:54-0200 - 228,00 B
2016-10-26 18:09:15.464+0000 INFO  [o.n.k.i.DiagnosticsManager]   neostore.labeltokenstore.db.names.id: 2016-10-26T16:09:14-0200 - 9,00 B
2016-10-26 18:09:15.464+0000 INFO  [o.n.k.i.DiagnosticsManager]   neostore.nodestore.db: 2016-10-26T15:44:52-0200 - 1,02 MB
2016-10-26 18:09:15.464+0000 INFO  [o.n.k.i.DiagnosticsManager]   neostore.nodestore.db.id: 2016-10-26T16:09:14-0200 - 9,00 B
2016-10-26 18:09:15.464+0000 INFO  [o.n.k.i.DiagnosticsManager]   neostore.nodestore.db.labels: 2016-10-26T15:44:52-0200 - 68,00 B
2016-10-26 18:09:15.464+0000 INFO  [o.n.k.i.DiagnosticsManager]   neostore.nodestore.db.labels.id: 2016-10-26T16:09:14-0200 - 9,00 B
2016-10-26 18:09:15.464+0000 INFO  [o.n.k.i.DiagnosticsManager]   neostore.propertystore.db: 2016-10-26T15:44:52-0200 - 16,69 MB
2016-10-26 18:09:15.464+0000 INFO  [o.n.k.i.DiagnosticsManager]   neostore.propertystore.db.arrays: 2016-10-26T15:44:52-0200 - 128,00 B
2016-10-26 18:09:15.464+0000 INFO  [o.n.k.i.DiagnosticsManager]   neostore.propertystore.db.arrays.id: 2016-10-26T16:09:14-0200 - 9,00 B
2016-10-26 18:09:15.464+0000 INFO  [o.n.k.i.DiagnosticsManager]   neostore.propertystore.db.id: 2016-10-26T16:09:14-0200 - 9,00 B
2016-10-26 18:09:15.464+0000 INFO  [o.n.k.i.DiagnosticsManager]   neostore.propertystore.db.index: 2016-10-26T15:44:52-0200 - 243,00 B
2016-10-26 18:09:15.465+0000 INFO  [o.n.k.i.DiagnosticsManager]   neostore.propertystore.db.index.id: 2016-10-26T16:09:14-0200 - 9,00 B
2016-10-26 18:09:15.465+0000 INFO  [o.n.k.i.DiagnosticsManager]   neostore.propertystore.db.index.keys: 2016-10-26T15:44:52-0200 - 1,04 kB
2016-10-26 18:09:15.465+0000 INFO  [o.n.k.i.DiagnosticsManager]   neostore.propertystore.db.index.keys.id: 2016-10-26T16:09:14-0200 - 9,00 B
2016-10-26 18:09:15.465+0000 INFO  [o.n.k.i.DiagnosticsManager]   neostore.propertystore.db.strings: 2016-10-26T15:44:52-0200 - 17,97 MB
2016-10-26 18:09:15.465+0000 INFO  [o.n.k.i.DiagnosticsManager]   neostore.propertystore.db.strings.id: 2016-10-26T16:09:14-0200 - 9,00 B
2016-10-26 18:09:15.465+0000 INFO  [o.n.k.i.DiagnosticsManager]   neostore.relationshipgroupstore.db: 2016-10-26T15:44:54-0200 - 1,54 kB
2016-10-26 18:09:15.465+0000 INFO  [o.n.k.i.DiagnosticsManager]   neostore.relationshipgroupstore.db.id: 2016-10-26T16:09:15-0200 - 9,00 B
2016-10-26 18:09:15.465+0000 INFO  [o.n.k.i.DiagnosticsManager]   neostore.relationshipstore.db: 2016-10-26T15:44:54-0200 - 3,95 MB
2016-10-26 18:09:15.466+0000 INFO  [o.n.k.i.DiagnosticsManager]   neostore.relationshipstore.db.id: 2016-10-26T16:09:14-0200 - 9,00 B
2016-10-26 18:09:15.466+0000 INFO  [o.n.k.i.DiagnosticsManager]   neostore.relationshiptypestore.db: 2016-10-26T15:44:54-0200 - 25,00 B
2016-10-26 18:09:15.466+0000 INFO  [o.n.k.i.DiagnosticsManager]   neostore.relationshiptypestore.db.id: 2016-10-26T16:09:14-0200 - 9,00 B
2016-10-26 18:09:15.466+0000 INFO  [o.n.k.i.DiagnosticsManager]   neostore.relationshiptypestore.db.names: 2016-10-26T15:44:54-0200 - 228,00 B
2016-10-26 18:09:15.466+0000 INFO  [o.n.k.i.DiagnosticsManager]   neostore.relationshiptypestore.db.names.id: 2016-10-26T16:09:14-0200 - 9,00 B
2016-10-26 18:09:15.466+0000 INFO  [o.n.k.i.DiagnosticsManager]   neostore.schemastore.db: 2016-10-26T15:44:52-0200 - 640,00 B
2016-10-26 18:09:15.466+0000 INFO  [o.n.k.i.DiagnosticsManager]   neostore.schemastore.db.id: 2016-10-26T16:09:15-0200 - 9,00 B
2016-10-26 18:09:15.466+0000 INFO  [o.n.k.i.DiagnosticsManager]   neostore.transaction.db.29: 2016-10-26T15:46:28-0200 - 52,00 B
2016-10-26 18:09:15.466+0000 INFO  [o.n.k.i.DiagnosticsManager]   schema:
2016-10-26 18:09:15.466+0000 INFO  [o.n.k.i.DiagnosticsManager]     index:
2016-10-26 18:09:15.466+0000 INFO  [o.n.k.i.DiagnosticsManager]       lucene:
2016-10-26 18:09:15.466+0000 INFO  [o.n.k.i.DiagnosticsManager]         1:
2016-10-26 18:09:15.466+0000 INFO  [o.n.k.i.DiagnosticsManager]           1:
2016-10-26 18:09:15.467+0000 INFO  [o.n.k.i.DiagnosticsManager]             _6.cfe: 2016-10-26T15:44:58-0200 - 305,00 B
2016-10-26 18:09:15.467+0000 INFO  [o.n.k.i.DiagnosticsManager]             _6.cfs: 2016-10-26T15:44:58-0200 - 1,44 MB
2016-10-26 18:09:15.467+0000 INFO  [o.n.k.i.DiagnosticsManager]             _6.si: 2016-10-26T15:44:58-0200 - 409,00 B
2016-10-26 18:09:15.467+0000 INFO  [o.n.k.i.DiagnosticsManager]             segments_2: 2016-10-26T15:44:58-0200 - 150,00 B
2016-10-26 18:09:15.467+0000 INFO  [o.n.k.i.DiagnosticsManager]             write.lock: 2016-10-26T15:44:56-0200 - 0,00 B
2016-10-26 18:09:15.467+0000 INFO  [o.n.k.i.DiagnosticsManager]           - Total: 2016-10-26T15:44:58-0200 - 1,44 MB
2016-10-26 18:09:15.467+0000 INFO  [o.n.k.i.DiagnosticsManager]           failure-message: 2016-10-26T15:44:56-0200 - 16,00 kB
2016-10-26 18:09:15.467+0000 INFO  [o.n.k.i.DiagnosticsManager]         - Total: 2016-10-26T15:44:56-0200 - 1,45 MB
2016-10-26 18:09:15.467+0000 INFO  [o.n.k.i.DiagnosticsManager]         2:
2016-10-26 18:09:15.467+0000 INFO  [o.n.k.i.DiagnosticsManager]           1:
2016-10-26 18:09:15.467+0000 INFO  [o.n.k.i.DiagnosticsManager]             _0.cfe: 2016-10-26T15:44:58-0200 - 305,00 B
2016-10-26 18:09:15.468+0000 INFO  [o.n.k.i.DiagnosticsManager]             _0.cfs: 2016-10-26T15:44:58-0200 - 436,48 kB
2016-10-26 18:09:15.468+0000 INFO  [o.n.k.i.DiagnosticsManager]             _0.si: 2016-10-26T15:44:58-0200 - 372,00 B
2016-10-26 18:09:15.468+0000 INFO  [o.n.k.i.DiagnosticsManager]             segments_1: 2016-10-26T15:44:58-0200 - 150,00 B
2016-10-26 18:09:15.468+0000 INFO  [o.n.k.i.DiagnosticsManager]             write.lock: 2016-10-26T15:44:56-0200 - 0,00 B
2016-10-26 18:09:15.468+0000 INFO  [o.n.k.i.DiagnosticsManager]           - Total: 2016-10-26T15:44:58-0200 - 437,29 kB
2016-10-26 18:09:15.468+0000 INFO  [o.n.k.i.DiagnosticsManager]           failure-message: 2016-10-26T15:44:56-0200 - 16,00 kB
2016-10-26 18:09:15.468+0000 INFO  [o.n.k.i.DiagnosticsManager]         - Total: 2016-10-26T15:44:56-0200 - 453,29 kB
2016-10-26 18:09:15.468+0000 INFO  [o.n.k.i.DiagnosticsManager]         3:
2016-10-26 18:09:15.468+0000 INFO  [o.n.k.i.DiagnosticsManager]           1:
2016-10-26 18:09:15.468+0000 INFO  [o.n.k.i.DiagnosticsManager]             _4.cfe: 2016-10-26T15:44:59-0200 - 305,00 B
2016-10-26 18:09:15.469+0000 INFO  [o.n.k.i.DiagnosticsManager]             _4.cfs: 2016-10-26T15:44:59-0200 - 1,29 MB
2016-10-26 18:09:15.469+0000 INFO  [o.n.k.i.DiagnosticsManager]             _4.si: 2016-10-26T15:44:59-0200 - 409,00 B
2016-10-26 18:09:15.469+0000 INFO  [o.n.k.i.DiagnosticsManager]             segments_2: 2016-10-26T15:44:59-0200 - 150,00 B
2016-10-26 18:09:15.469+0000 INFO  [o.n.k.i.DiagnosticsManager]             write.lock: 2016-10-26T15:44:56-0200 - 0,00 B
2016-10-26 18:09:15.469+0000 INFO  [o.n.k.i.DiagnosticsManager]           - Total: 2016-10-26T15:44:59-0200 - 1,29 MB
2016-10-26 18:09:15.469+0000 INFO  [o.n.k.i.DiagnosticsManager]           failure-message: 2016-10-26T15:44:56-0200 - 16,00 kB
2016-10-26 18:09:15.469+0000 INFO  [o.n.k.i.DiagnosticsManager]         - Total: 2016-10-26T15:44:56-0200 - 1,31 MB
2016-10-26 18:09:15.469+0000 INFO  [o.n.k.i.DiagnosticsManager]         4:
2016-10-26 18:09:15.469+0000 INFO  [o.n.k.i.DiagnosticsManager]           1:
2016-10-26 18:09:15.469+0000 INFO  [o.n.k.i.DiagnosticsManager]             _0.cfe: 2016-10-26T15:44:59-0200 - 305,00 B
2016-10-26 18:09:15.469+0000 INFO  [o.n.k.i.DiagnosticsManager]             _0.cfs: 2016-10-26T15:44:59-0200 - 189,03 kB
2016-10-26 18:09:15.469+0000 INFO  [o.n.k.i.DiagnosticsManager]             _0.si: 2016-10-26T15:44:59-0200 - 372,00 B
2016-10-26 18:09:15.470+0000 INFO  [o.n.k.i.DiagnosticsManager]             segments_1: 2016-10-26T15:44:59-0200 - 150,00 B
2016-10-26 18:09:15.470+0000 INFO  [o.n.k.i.DiagnosticsManager]             write.lock: 2016-10-26T15:44:56-0200 - 0,00 B
2016-10-26 18:09:15.470+0000 INFO  [o.n.k.i.DiagnosticsManager]           - Total: 2016-10-26T15:44:59-0200 - 189,84 kB
2016-10-26 18:09:15.470+0000 INFO  [o.n.k.i.DiagnosticsManager]           failure-message: 2016-10-26T15:44:56-0200 - 16,00 kB
2016-10-26 18:09:15.470+0000 INFO  [o.n.k.i.DiagnosticsManager]         - Total: 2016-10-26T15:44:56-0200 - 205,84 kB
2016-10-26 18:09:15.470+0000 INFO  [o.n.k.i.DiagnosticsManager]         8:
2016-10-26 18:09:15.470+0000 INFO  [o.n.k.i.DiagnosticsManager]           1:
2016-10-26 18:09:15.470+0000 INFO  [o.n.k.i.DiagnosticsManager]             _0.cfe: 2016-10-26T15:44:59-0200 - 305,00 B
2016-10-26 18:09:15.470+0000 INFO  [o.n.k.i.DiagnosticsManager]             _0.cfs: 2016-10-26T15:44:59-0200 - 2,73 kB
2016-10-26 18:09:15.470+0000 INFO  [o.n.k.i.DiagnosticsManager]             _0.si: 2016-10-26T15:44:59-0200 - 372,00 B
2016-10-26 18:09:15.470+0000 INFO  [o.n.k.i.DiagnosticsManager]             segments_1: 2016-10-26T15:44:59-0200 - 150,00 B
2016-10-26 18:09:15.471+0000 INFO  [o.n.k.i.DiagnosticsManager]             write.lock: 2016-10-26T15:44:56-0200 - 0,00 B
2016-10-26 18:09:15.471+0000 INFO  [o.n.k.i.DiagnosticsManager]           - Total: 2016-10-26T15:44:59-0200 - 3,53 kB
2016-10-26 18:09:15.471+0000 INFO  [o.n.k.i.DiagnosticsManager]           failure-message: 2016-10-26T15:44:56-0200 - 16,00 kB
2016-10-26 18:09:15.471+0000 INFO  [o.n.k.i.DiagnosticsManager]         - Total: 2016-10-26T15:44:56-0200 - 19,53 kB
2016-10-26 18:09:15.471+0000 INFO  [o.n.k.i.DiagnosticsManager]       - Total: 2016-10-26T15:44:56-0200 - 3,42 MB
2016-10-26 18:09:15.471+0000 INFO  [o.n.k.i.DiagnosticsManager]     - Total: 2016-10-26T15:44:56-0200 - 3,42 MB
2016-10-26 18:09:15.471+0000 INFO  [o.n.k.i.DiagnosticsManager]     label:
2016-10-26 18:09:15.471+0000 INFO  [o.n.k.i.DiagnosticsManager]       lucene:
2016-10-26 18:09:15.471+0000 INFO  [o.n.k.i.DiagnosticsManager]         labelStore:
2016-10-26 18:09:15.471+0000 INFO  [o.n.k.i.DiagnosticsManager]           1:
2016-10-26 18:09:15.471+0000 INFO  [o.n.k.i.DiagnosticsManager]             _0.cfe: 2016-10-26T15:46:28-0200 - 305,00 B
2016-10-26 18:09:15.471+0000 INFO  [o.n.k.i.DiagnosticsManager]             _0.cfs: 2016-10-26T15:46:28-0200 - 271,83 kB
2016-10-26 18:09:15.471+0000 INFO  [o.n.k.i.DiagnosticsManager]             _0.si: 2016-10-26T15:46:28-0200 - 372,00 B
2016-10-26 18:09:15.472+0000 INFO  [o.n.k.i.DiagnosticsManager]             segments_1: 2016-10-26T15:46:28-0200 - 136,00 B
2016-10-26 18:09:15.472+0000 INFO  [o.n.k.i.DiagnosticsManager]             write.lock: 2016-10-26T15:44:55-0200 - 0,00 B
2016-10-26 18:09:15.472+0000 INFO  [o.n.k.i.DiagnosticsManager]           - Total: 2016-10-26T15:46:28-0200 - 272,62 kB
2016-10-26 18:09:15.472+0000 INFO  [o.n.k.i.DiagnosticsManager]           failure-message: 2016-10-26T15:44:55-0200 - 16,00 kB
2016-10-26 18:09:15.472+0000 INFO  [o.n.k.i.DiagnosticsManager]         - Total: 2016-10-26T15:44:55-0200 - 288,62 kB
2016-10-26 18:09:15.472+0000 INFO  [o.n.k.i.DiagnosticsManager]       - Total: 2016-10-26T15:44:55-0200 - 288,62 kB
2016-10-26 18:09:15.472+0000 INFO  [o.n.k.i.DiagnosticsManager]     - Total: 2016-10-26T15:44:55-0200 - 288,62 kB
2016-10-26 18:09:15.472+0000 INFO  [o.n.k.i.DiagnosticsManager]   - Total: 2014-12-16T17:07:06-0200 - 3,70 MB
2016-10-26 18:09:15.472+0000 INFO  [o.n.k.i.DiagnosticsManager]   store_lock: 2014-12-16T17:03:12-0200 - 0,00 B
2016-10-26 18:09:15.472+0000 INFO  [o.n.k.i.DiagnosticsManager] --- STARTED diagnostics for KernelDiagnostics:StoreFiles END ---
2016-10-26 18:09:16.522+0000 INFO  [o.n.k.i.DiagnosticsManager] --- SERVER STARTED START ---
2016-10-26 18:09:17.506+0000 INFO  [o.n.k.i.DiagnosticsManager] --- SERVER STARTED END ---
2016-10-26 18:10:44.151+0000 INFO  [o.n.k.i.f.CommunityFacadeFactory] Shutdown started
2016-10-26 18:10:44.151+0000 INFO  [o.n.k.i.f.CommunityFacadeFactory] Database is now unavailable
2016-10-26 18:10:44.166+0000 INFO  [o.n.k.i.t.l.c.CheckPointerImpl] Check Pointing triggered by database shutdown [199]:  Starting check pointing...
2016-10-26 18:10:44.167+0000 INFO  [o.n.k.i.t.l.c.CheckPointerImpl] Check Pointing triggered by database shutdown [199]:  Starting store flush...
2016-10-26 18:10:44.261+0000 INFO  [o.n.k.i.t.l.c.CheckPointerImpl] Check Pointing triggered by database shutdown [199]:  Store flush completed
2016-10-26 18:10:44.261+0000 INFO  [o.n.k.i.t.l.c.CheckPointerImpl] Check Pointing triggered by database shutdown [199]:  Starting appending check point entry into the tx log...
2016-10-26 18:10:44.285+0000 INFO  [o.n.k.i.t.l.c.CheckPointerImpl] Check Pointing triggered by database shutdown [199]:  Appending check point entry into the tx log completed
2016-10-26 18:10:44.285+0000 INFO  [o.n.k.i.t.l.c.CheckPointerImpl] Check Pointing triggered by database shutdown [199]:  Check pointing completed
2016-10-26 18:10:44.285+0000 INFO  [o.n.k.i.t.l.p.LogPruningImpl] Log Rotation [0]:  Starting log pruning.
2016-10-26 18:10:44.285+0000 INFO  [o.n.k.i.t.l.p.LogPruningImpl] Log Rotation [0]:  Log pruning complete.
2016-10-26 18:10:44.663+0000 INFO  [o.n.k.i.DiagnosticsManager] --- STOPPING diagnostics START ---
2016-10-26 18:10:44.664+0000 INFO  [o.n.k.i.DiagnosticsManager] --- STOPPING diagnostics END ---
